<?xml version="1.0" encoding="UTF-8"?>
<testsuites name="Test collection 2" time="363.618" tests="7" failures="0" errors="0">
   <testsuite name="Login" tests="4" failures="0" errors="0" time="141.779" skipped="0" timestamp="2022-02-02 11:01:53" hostname="knoldus - knoldus-Latitude-3520" id="Test Suites/Login/Login">
      <properties>
         <property name="deviceName" value=""/>
         <property name="devicePlatform" value=""/>
         <property name="logFolder" value="/home/knoldus/git/Universal-Auto/Reports/20220202_110133/Login/Login/20220202_110134"/>
         <property name="logFiles" value="/home/knoldus/git/Universal-Auto/Reports/20220202_110133/Login/Login/20220202_110134/execution0.log"/>
         <property name="attachments" value="/home/knoldus/git/Universal-Auto/Reports/20220202_110133/Login/Login/20220202_110134/1643779948837.png, /home/knoldus/git/Universal-Auto/Reports/20220202_110133/Login/Login/20220202_110134/1643779983305.png, /home/knoldus/git/Universal-Auto/Reports/20220202_110133/Login/Login/20220202_110134/1643780016216.png, /home/knoldus/git/Universal-Auto/Reports/20220202_110133/Login/Login/20220202_110134/1643780054265.png"/>
         <property name="hostName" value="knoldus - knoldus-Latitude-3520"/>
         <property name="os" value="Linux 64bit"/>
         <property name="katalonVersion" value="8.2.0.208"/>
         <property name="browser" value="Firefox 96.0"/>
         <property name="hostAddress" value="127.0.1.1"/>
         <property name="sessionId" value="eebfc295-0c08-4e32-b4e4-caf236951fd3"/>
         <property name="seleniumVersion" value="3.141.59"/>
         <property name="proxyInformation" value="ProxyInformation { proxyOption=NO_PROXY, proxyServerType=HTTP, username=, password=********, proxyServerAddress=, proxyServerPort=0, executionList=&quot;&quot;, isApplyToDesiredCapabilities=true }"/>
         <property name="platform" value="Linux"/>
      </properties>
      <testcase name="Test Cases/Universal/Login/TC-1 Login with Moviestar" time="35.348" classname="Test Cases/Universal/Login/TC-1 Login with Moviestar" status="PASSED">
         <system-out><![CDATA[2022-02-02 11:01:53 - [TEST_CASE][PASSED] - Test Cases/Universal/Login/TC-1 Login with Moviestar: Test Cases/Universal/Login/TC-1 Login with Moviestar

2022-02-02 11:01:54 - [TEST_STEP][PASSED] - openBrowser(""): Browser is opened with url: ''

2022-02-02 11:01:54 - [MESSAGE][INFO] - Starting 'Firefox (headless)' driver

2022-02-02 11:01:54 - [MESSAGE][INFO] - Action delay is set to 0 milliseconds

2022-02-02 11:01:57 - [MESSAGE][PASSED] - Browser is opened with url: ''

2022-02-02 11:01:57 - [TEST_STEP][PASSED] - setViewPortSize(1920, 1080): Viewport is set to new size with width = 1920 and height = 1080

2022-02-02 11:01:57 - [MESSAGE][PASSED] - Viewport is set to new size with width = 1920 and height = 1080

2022-02-02 11:01:57 - [TEST_STEP][PASSED] - navigateToUrl(url): Navigate to 'https://universal.3tlstaging.com/home' successfully

2022-02-02 11:02:19 - [MESSAGE][PASSED] - Navigate to 'https://universal.3tlstaging.com/home' successfully

2022-02-02 11:02:19 - [TEST_STEP][PASSED] - delay(5): Delayed 5 second(s)

2022-02-02 11:02:24 - [MESSAGE][PASSED] - Delayed 5 second(s)

2022-02-02 11:02:24 - [TEST_STEP][PASSED] - maximizeWindow(): Current window maximized

2022-02-02 11:02:24 - [MESSAGE][PASSED] - Current window maximized

2022-02-02 11:02:24 - [TEST_STEP][PASSED] - if (verifyTextPresent("REGISTER / LOGIN", true, STOP_ON_FAILURE)): Taking screenshot successfully

2022-02-02 11:02:25 - [MESSAGE][PASSED] - Text 'REGISTER / LOGIN' is present on page  using regular expression

2022-02-02 11:02:25 - [TEST_STEP][PASSED] - click(findTestObject("Universal Staging/a_Register  Login")): Object: 'Object Repository/Universal Staging/a_Register  Login' is clicked on

2022-02-02 11:02:25 - [MESSAGE][PASSED] - Object: 'Object Repository/Universal Staging/a_Register  Login' is clicked on

2022-02-02 11:02:25 - [TEST_STEP][PASSED] - setText(findTestObject("Universal Staging/input_USERNAME OR EMAIL_mat-input-0"), Email): Text 'testing12345@yopmail.com' is set on object 'Object Repository/Universal Staging/input_USERNAME OR EMAIL_mat-input-0'

2022-02-02 11:02:26 - [MESSAGE][PASSED] - Text 'testing12345@yopmail.com' is set on object 'Object Repository/Universal Staging/input_USERNAME OR EMAIL_mat-input-0'

2022-02-02 11:02:26 - [TEST_STEP][PASSED] - setText(findTestObject("Universal Staging/input_PASSWORD_mat-input-1"), Pswrd): Text '3TL@testing' is set on object 'Object Repository/Universal Staging/input_PASSWORD_mat-input-1'

2022-02-02 11:02:26 - [MESSAGE][PASSED] - Text '3TL@testing' is set on object 'Object Repository/Universal Staging/input_PASSWORD_mat-input-1'

2022-02-02 11:02:26 - [TEST_STEP][PASSED] - click(findTestObject("Universal Staging/button_Login")): Object: 'Object Repository/Universal Staging/button_Login' is clicked on

2022-02-02 11:02:26 - [MESSAGE][PASSED] - Object: 'Object Repository/Universal Staging/button_Login' is clicked on

2022-02-02 11:02:26 - [TEST_STEP][PASSED] - delay(2): Delayed 2 second(s)

2022-02-02 11:02:28 - [MESSAGE][PASSED] - Delayed 2 second(s)

2022-02-02 11:02:28 - [TEST_STEP][PASSED] - User_name = getText(findTestObject("Object Repository/Universal Staging/Tier Name")): Text of object 'Object Repository/Universal Staging/Tier Name' is: 'Ankit Kumar'

2022-02-02 11:02:28 - [MESSAGE][PASSED] - Text of object 'Object Repository/Universal Staging/Tier Name' is: 'Ankit Kumar'

2022-02-02 11:02:28 - [TEST_STEP][PASSED] - Tier_name = getText(findTestObject("Object Repository/Universal Staging/Tier Namee"), CONTINUE_ON_FAILURE): Text of object 'Object Repository/Universal Staging/Tier Namee' is: 'MOVIE STAR'

2022-02-02 11:02:28 - [MESSAGE][PASSED] - Text of object 'Object Repository/Universal Staging/Tier Namee' is: 'MOVIE STAR'

2022-02-02 11:02:28 - [TEST_STEP][PASSED] - out.println("Welcome " + User_name): null

2022-02-02 11:02:28 - [TEST_STEP][PASSED] - out.println("you are in " + Tier_name): null

2022-02-02 11:02:28 - [TEST_STEP][PASSED] - takeScreenshot(): Taking screenshot successfully

2022-02-02 11:02:29 - [MESSAGE][PASSED] - Taking screenshot successfully
[[ATTACHMENT|/home/knoldus/git/Universal-Auto/Reports/20220202_110133/Login/Login/20220202_110134/1643779948837.png]]]]></system-out>
         <system-err><![CDATA[]]></system-err>
      </testcase>
      <testcase name="Test Cases/Universal/Login/TC-3 Login with Director" time="34.432" classname="Test Cases/Universal/Login/TC-3 Login with Director" status="PASSED">
         <system-out><![CDATA[2022-02-02 11:02:29 - [TEST_CASE][PASSED] - Test Cases/Universal/Login/TC-3 Login with Director: Test Cases/Universal/Login/TC-3 Login with Director

2022-02-02 11:02:29 - [TEST_STEP][PASSED] - openBrowser(""): Browser is opened with url: ''

2022-02-02 11:02:29 - [MESSAGE][WARNING] - A browser is already opened. Closing browser and opening a new one

2022-02-02 11:02:29 - [MESSAGE][INFO] - Starting 'Firefox (headless)' driver

2022-02-02 11:02:29 - [MESSAGE][INFO] - Action delay is set to 0 milliseconds

2022-02-02 11:02:31 - [MESSAGE][PASSED] - Browser is opened with url: ''

2022-02-02 11:02:31 - [TEST_STEP][PASSED] - setViewPortSize(1920, 1080): Viewport is set to new size with width = 1920 and height = 1080

2022-02-02 11:02:31 - [MESSAGE][PASSED] - Viewport is set to new size with width = 1920 and height = 1080

2022-02-02 11:02:31 - [TEST_STEP][PASSED] - navigateToUrl(url): Navigate to 'https://universal.3tlstaging.com/home' successfully

2022-02-02 11:02:54 - [MESSAGE][PASSED] - Navigate to 'https://universal.3tlstaging.com/home' successfully

2022-02-02 11:02:54 - [TEST_STEP][PASSED] - delay(5): Delayed 5 second(s)

2022-02-02 11:02:59 - [MESSAGE][PASSED] - Delayed 5 second(s)

2022-02-02 11:02:59 - [TEST_STEP][PASSED] - maximizeWindow(): Current window maximized

2022-02-02 11:02:59 - [MESSAGE][PASSED] - Current window maximized

2022-02-02 11:02:59 - [TEST_STEP][PASSED] - if (verifyTextPresent("REGISTER / LOGIN", true, STOP_ON_FAILURE)): Taking screenshot successfully

2022-02-02 11:02:59 - [MESSAGE][PASSED] - Text 'REGISTER / LOGIN' is present on page  using regular expression

2022-02-02 11:02:59 - [TEST_STEP][PASSED] - click(findTestObject("Universal Staging/a_Register  Login")): Object: 'Object Repository/Universal Staging/a_Register  Login' is clicked on

2022-02-02 11:03:00 - [MESSAGE][PASSED] - Object: 'Object Repository/Universal Staging/a_Register  Login' is clicked on

2022-02-02 11:03:00 - [TEST_STEP][PASSED] - setText(findTestObject("Universal Staging/input_USERNAME OR EMAIL_mat-input-0"), Email): Text 'test3004@yopmail.com' is set on object 'Object Repository/Universal Staging/input_USERNAME OR EMAIL_mat-input-0'

2022-02-02 11:03:00 - [MESSAGE][PASSED] - Text 'test3004@yopmail.com' is set on object 'Object Repository/Universal Staging/input_USERNAME OR EMAIL_mat-input-0'

2022-02-02 11:03:00 - [TEST_STEP][PASSED] - setText(findTestObject("Universal Staging/input_PASSWORD_mat-input-1"), Pswrd): Text '3tl@testing' is set on object 'Object Repository/Universal Staging/input_PASSWORD_mat-input-1'

2022-02-02 11:03:00 - [MESSAGE][PASSED] - Text '3tl@testing' is set on object 'Object Repository/Universal Staging/input_PASSWORD_mat-input-1'

2022-02-02 11:03:00 - [TEST_STEP][PASSED] - click(findTestObject("Universal Staging/button_Login")): Object: 'Object Repository/Universal Staging/button_Login' is clicked on

2022-02-02 11:03:01 - [MESSAGE][PASSED] - Object: 'Object Repository/Universal Staging/button_Login' is clicked on

2022-02-02 11:03:01 - [TEST_STEP][PASSED] - delay(2): Delayed 2 second(s)

2022-02-02 11:03:03 - [MESSAGE][PASSED] - Delayed 2 second(s)

2022-02-02 11:03:03 - [TEST_STEP][PASSED] - User_name = getText(findTestObject("Object Repository/Universal Staging/Tier Name")): Text of object 'Object Repository/Universal Staging/Tier Name' is: 'Gargi Sanadhya'

2022-02-02 11:03:03 - [MESSAGE][PASSED] - Text of object 'Object Repository/Universal Staging/Tier Name' is: 'Gargi Sanadhya'

2022-02-02 11:03:03 - [TEST_STEP][PASSED] - Tier_name = getText(findTestObject("Object Repository/Universal Staging/Tier Namee"), CONTINUE_ON_FAILURE): Text of object 'Object Repository/Universal Staging/Tier Namee' is: 'DIRECTOR'

2022-02-02 11:03:03 - [MESSAGE][PASSED] - Text of object 'Object Repository/Universal Staging/Tier Namee' is: 'DIRECTOR'

2022-02-02 11:03:03 - [TEST_STEP][PASSED] - out.println("Welcome " + User_name): null

2022-02-02 11:03:03 - [TEST_STEP][PASSED] - out.println("you are in " + Tier_name): null

2022-02-02 11:03:03 - [TEST_STEP][PASSED] - takeScreenshot(): Taking screenshot successfully

2022-02-02 11:03:03 - [MESSAGE][PASSED] - Taking screenshot successfully
[[ATTACHMENT|/home/knoldus/git/Universal-Auto/Reports/20220202_110133/Login/Login/20220202_110134/1643779983305.png]]]]></system-out>
         <system-err><![CDATA[]]></system-err>
      </testcase>
      <testcase name="Test Cases/Universal/Login/TC-2 Login with Screenwriter" time="32.932" classname="Test Cases/Universal/Login/TC-2 Login with Screenwriter" status="PASSED">
         <system-out><![CDATA[2022-02-02 11:03:03 - [TEST_CASE][PASSED] - Test Cases/Universal/Login/TC-2 Login with Screenwriter: Test Cases/Universal/Login/TC-2 Login with Screenwriter

2022-02-02 11:03:03 - [TEST_STEP][PASSED] - openBrowser(""): Browser is opened with url: ''

2022-02-02 11:03:03 - [MESSAGE][WARNING] - A browser is already opened. Closing browser and opening a new one

2022-02-02 11:03:04 - [MESSAGE][INFO] - Starting 'Firefox (headless)' driver

2022-02-02 11:03:04 - [MESSAGE][INFO] - Action delay is set to 0 milliseconds

2022-02-02 11:03:06 - [MESSAGE][PASSED] - Browser is opened with url: ''

2022-02-02 11:03:06 - [TEST_STEP][PASSED] - setViewPortSize(1920, 1080): Viewport is set to new size with width = 1920 and height = 1080

2022-02-02 11:03:06 - [MESSAGE][PASSED] - Viewport is set to new size with width = 1920 and height = 1080

2022-02-02 11:03:06 - [TEST_STEP][PASSED] - navigateToUrl(url): Navigate to 'https://universal.3tlstaging.com/home' successfully

2022-02-02 11:03:27 - [MESSAGE][PASSED] - Navigate to 'https://universal.3tlstaging.com/home' successfully

2022-02-02 11:03:27 - [TEST_STEP][PASSED] - delay(5): Delayed 5 second(s)

2022-02-02 11:03:32 - [MESSAGE][PASSED] - Delayed 5 second(s)

2022-02-02 11:03:32 - [TEST_STEP][PASSED] - maximizeWindow(): Current window maximized

2022-02-02 11:03:32 - [MESSAGE][PASSED] - Current window maximized

2022-02-02 11:03:32 - [TEST_STEP][PASSED] - if (verifyTextPresent("REGISTER / LOGIN", true, STOP_ON_FAILURE)): Taking screenshot successfully

2022-02-02 11:03:32 - [MESSAGE][PASSED] - Text 'REGISTER / LOGIN' is present on page  using regular expression

2022-02-02 11:03:32 - [TEST_STEP][PASSED] - click(findTestObject("Universal Staging/a_Register  Login")): Object: 'Object Repository/Universal Staging/a_Register  Login' is clicked on

2022-02-02 11:03:33 - [MESSAGE][PASSED] - Object: 'Object Repository/Universal Staging/a_Register  Login' is clicked on

2022-02-02 11:03:33 - [TEST_STEP][PASSED] - setText(findTestObject("Universal Staging/input_USERNAME OR EMAIL_mat-input-0"), Email): Text 'ankit248@yopmail.com' is set on object 'Object Repository/Universal Staging/input_USERNAME OR EMAIL_mat-input-0'

2022-02-02 11:03:33 - [MESSAGE][PASSED] - Text 'ankit248@yopmail.com' is set on object 'Object Repository/Universal Staging/input_USERNAME OR EMAIL_mat-input-0'

2022-02-02 11:03:33 - [TEST_STEP][PASSED] - setText(findTestObject("Universal Staging/input_PASSWORD_mat-input-1"), Pswrd): Text '3TL@testing' is set on object 'Object Repository/Universal Staging/input_PASSWORD_mat-input-1'

2022-02-02 11:03:33 - [MESSAGE][PASSED] - Text '3TL@testing' is set on object 'Object Repository/Universal Staging/input_PASSWORD_mat-input-1'

2022-02-02 11:03:33 - [TEST_STEP][PASSED] - click(findTestObject("Universal Staging/button_Login")): Object: 'Object Repository/Universal Staging/button_Login' is clicked on

2022-02-02 11:03:33 - [MESSAGE][PASSED] - Object: 'Object Repository/Universal Staging/button_Login' is clicked on

2022-02-02 11:03:33 - [TEST_STEP][PASSED] - delay(2): Delayed 2 second(s)

2022-02-02 11:03:35 - [MESSAGE][PASSED] - Delayed 2 second(s)

2022-02-02 11:03:35 - [TEST_STEP][PASSED] - User_name = getText(findTestObject("Object Repository/Universal Staging/Tier Name")): Text of object 'Object Repository/Universal Staging/Tier Name' is: 'Ankit Kumar'

2022-02-02 11:03:36 - [MESSAGE][PASSED] - Text of object 'Object Repository/Universal Staging/Tier Name' is: 'Ankit Kumar'

2022-02-02 11:03:36 - [TEST_STEP][PASSED] - Tier_name = getText(findTestObject("Object Repository/Universal Staging/Tier Namee"), CONTINUE_ON_FAILURE): Text of object 'Object Repository/Universal Staging/Tier Namee' is: 'SCREENWRITER'

2022-02-02 11:03:36 - [MESSAGE][PASSED] - Text of object 'Object Repository/Universal Staging/Tier Namee' is: 'SCREENWRITER'

2022-02-02 11:03:36 - [TEST_STEP][PASSED] - out.println("Welcome " + User_name): null

2022-02-02 11:03:36 - [TEST_STEP][PASSED] - out.println("you are in " + Tier_name): null

2022-02-02 11:03:36 - [TEST_STEP][PASSED] - takeScreenshot(): Taking screenshot successfully

2022-02-02 11:03:36 - [MESSAGE][PASSED] - Taking screenshot successfully
[[ATTACHMENT|/home/knoldus/git/Universal-Auto/Reports/20220202_110133/Login/Login/20220202_110134/1643780016216.png]]]]></system-out>
         <system-err><![CDATA[]]></system-err>
      </testcase>
      <testcase name="Test Cases/Universal/Login/TC-4 Login with Extra" time="38.687" classname="Test Cases/Universal/Login/TC-4 Login with Extra" status="PASSED">
         <system-out><![CDATA[2022-02-02 11:03:36 - [TEST_CASE][PASSED] - Test Cases/Universal/Login/TC-4 Login with Extra: Test Cases/Universal/Login/TC-4 Login with Extra

2022-02-02 11:03:36 - [TEST_STEP][PASSED] - openBrowser(""): Browser is opened with url: ''

2022-02-02 11:03:36 - [MESSAGE][WARNING] - A browser is already opened. Closing browser and opening a new one

2022-02-02 11:03:37 - [MESSAGE][INFO] - Starting 'Firefox (headless)' driver

2022-02-02 11:03:37 - [MESSAGE][INFO] - Action delay is set to 0 milliseconds

2022-02-02 11:03:39 - [MESSAGE][PASSED] - Browser is opened with url: ''

2022-02-02 11:03:39 - [TEST_STEP][PASSED] - setViewPortSize(1920, 1080): Viewport is set to new size with width = 1920 and height = 1080

2022-02-02 11:03:39 - [MESSAGE][PASSED] - Viewport is set to new size with width = 1920 and height = 1080

2022-02-02 11:03:39 - [TEST_STEP][PASSED] - navigateToUrl(url): Navigate to 'https://universal.3tlstaging.com/home' successfully

2022-02-02 11:04:05 - [MESSAGE][PASSED] - Navigate to 'https://universal.3tlstaging.com/home' successfully

2022-02-02 11:04:05 - [TEST_STEP][PASSED] - delay(5): Delayed 5 second(s)

2022-02-02 11:04:10 - [MESSAGE][PASSED] - Delayed 5 second(s)

2022-02-02 11:04:10 - [TEST_STEP][PASSED] - maximizeWindow(): Current window maximized

2022-02-02 11:04:10 - [MESSAGE][PASSED] - Current window maximized

2022-02-02 11:04:10 - [TEST_STEP][PASSED] - if (verifyTextPresent("REGISTER / LOGIN", true, STOP_ON_FAILURE)): Browser is closed

2022-02-02 11:04:10 - [MESSAGE][PASSED] - Text 'REGISTER / LOGIN' is present on page  using regular expression

2022-02-02 11:04:10 - [TEST_STEP][PASSED] - click(findTestObject("Universal Staging/a_Register  Login")): Object: 'Object Repository/Universal Staging/a_Register  Login' is clicked on

2022-02-02 11:04:11 - [MESSAGE][PASSED] - Object: 'Object Repository/Universal Staging/a_Register  Login' is clicked on

2022-02-02 11:04:11 - [TEST_STEP][PASSED] - setText(findTestObject("Universal Staging/input_USERNAME OR EMAIL_mat-input-0"), Email): Text 'soniatest@yopmail.com' is set on object 'Object Repository/Universal Staging/input_USERNAME OR EMAIL_mat-input-0'

2022-02-02 11:04:11 - [MESSAGE][PASSED] - Text 'soniatest@yopmail.com' is set on object 'Object Repository/Universal Staging/input_USERNAME OR EMAIL_mat-input-0'

2022-02-02 11:04:11 - [TEST_STEP][PASSED] - setText(findTestObject("Universal Staging/input_PASSWORD_mat-input-1"), Pswrd): Text 'Test@123' is set on object 'Object Repository/Universal Staging/input_PASSWORD_mat-input-1'

2022-02-02 11:04:11 - [MESSAGE][PASSED] - Text 'Test@123' is set on object 'Object Repository/Universal Staging/input_PASSWORD_mat-input-1'

2022-02-02 11:04:11 - [TEST_STEP][PASSED] - click(findTestObject("Universal Staging/button_Login")): Object: 'Object Repository/Universal Staging/button_Login' is clicked on

2022-02-02 11:04:12 - [MESSAGE][PASSED] - Object: 'Object Repository/Universal Staging/button_Login' is clicked on

2022-02-02 11:04:12 - [TEST_STEP][PASSED] - delay(2): Delayed 2 second(s)

2022-02-02 11:04:14 - [MESSAGE][PASSED] - Delayed 2 second(s)

2022-02-02 11:04:14 - [TEST_STEP][PASSED] - User_name = getText(findTestObject("Object Repository/Universal Staging/Tier Name")): Text of object 'Object Repository/Universal Staging/Tier Name' is: 'Sonia Rai'

2022-02-02 11:04:14 - [MESSAGE][PASSED] - Text of object 'Object Repository/Universal Staging/Tier Name' is: 'Sonia Rai'

2022-02-02 11:04:14 - [TEST_STEP][PASSED] - Tier_name = getText(findTestObject("Object Repository/Universal Staging/Tier Namee"), CONTINUE_ON_FAILURE): Text of object 'Object Repository/Universal Staging/Tier Namee' is: 'EXTRA'

2022-02-02 11:04:14 - [MESSAGE][PASSED] - Text of object 'Object Repository/Universal Staging/Tier Namee' is: 'EXTRA'

2022-02-02 11:04:14 - [TEST_STEP][PASSED] - out.println("Welcome" + User_name): null

2022-02-02 11:04:14 - [TEST_STEP][PASSED] - out.println("you are in" + Tier_name): null

2022-02-02 11:04:14 - [TEST_STEP][PASSED] - takeScreenshot(): Taking screenshot successfully

2022-02-02 11:04:14 - [MESSAGE][PASSED] - Taking screenshot successfully
[[ATTACHMENT|/home/knoldus/git/Universal-Auto/Reports/20220202_110133/Login/Login/20220202_110134/1643780054265.png]]

2022-02-02 11:04:14 - [TEST_STEP][PASSED] - closeBrowser(): Browser is closed

2022-02-02 11:04:15 - [MESSAGE][PASSED] - Browser is closed

2022-02-02 11:04:15 - [TEST_STEP][PASSED] - closeBrowser(): Browser is closed

2022-02-02 11:04:15 - [MESSAGE][PASSED] - Browser is closed]]></system-out>
         <system-err><![CDATA[]]></system-err>
      </testcase>
      <system-out><![CDATA[2022-02-02 11:01:53 - [TEST_SUITE][PASSED] - Login: Test Cases/Universal/Login/TC-4 Login with Extra]]></system-out>
      <system-err><![CDATA[]]></system-err>
   </testsuite>
   <testsuite name="Eligible movie" tests="1" failures="0" errors="0" time="39.393" skipped="0" timestamp="2022-02-02 11:04:37" hostname="knoldus - knoldus-Latitude-3520" id="Test Suites/Eligible Moviee/Eligible movie">
      <properties>
         <property name="deviceName" value=""/>
         <property name="devicePlatform" value=""/>
         <property name="logFolder" value="/home/knoldus/git/Universal-Auto/Reports/20220202_110133/Eligible Moviee/Eligible movie/20220202_110136"/>
         <property name="logFiles" value="/home/knoldus/git/Universal-Auto/Reports/20220202_110133/Eligible Moviee/Eligible movie/20220202_110136/execution0.log"/>
         <property name="attachments" value="/home/knoldus/git/Universal-Auto/Reports/20220202_110133/Eligible Moviee/Eligible movie/20220202_110136/1643780110864.png, /home/knoldus/git/Universal-Auto/Reports/20220202_110133/Eligible Moviee/Eligible movie/20220202_110136/1643780116295.png"/>
         <property name="hostName" value="knoldus - knoldus-Latitude-3520"/>
         <property name="os" value="Linux 64bit"/>
         <property name="katalonVersion" value="8.2.0.208"/>
         <property name="browser" value="Firefox 96.0"/>
         <property name="hostAddress" value="127.0.1.1"/>
         <property name="sessionId" value="1ebd0f60-1134-42f8-87d8-7c84cc5ff562"/>
         <property name="seleniumVersion" value="3.141.59"/>
         <property name="proxyInformation" value="ProxyInformation { proxyOption=NO_PROXY, proxyServerType=HTTP, username=, password=********, proxyServerAddress=, proxyServerPort=0, executionList=&quot;&quot;, isApplyToDesiredCapabilities=true }"/>
         <property name="platform" value="Linux"/>
      </properties>
      <testcase name="Test Cases/Universal/Tc-5 Verify the movies on Eligible page" time="39.042" classname="Test Cases/Universal/Tc-5 Verify the movies on Eligible page" status="PASSED">
         <system-out><![CDATA[2022-02-02 11:04:37 - [TEST_CASE][PASSED] - Test Cases/Universal/Tc-5 Verify the movies on Eligible page: Test Cases/Universal/Tc-5 Verify the movies on Eligible page

2022-02-02 11:04:38 - [TEST_STEP][PASSED] - callTestCase(findTestCase("Universal/Login/TC-2 Login with Screenwriter"), ["Email":"ankit248@yopmail.com", "Pswrd":"3TL@testing"], STOP_ON_FAILURE): Call Test Case 'Test Cases/Universal/Login/TC-2 Login with Screenwriter' successfully

2022-02-02 11:04:38 - [TEST_CASE][PASSED] - Test Cases/Universal/Login/TC-2 Login with Screenwriter: Test Cases/Universal/Login/TC-2 Login with Screenwriter

2022-02-02 11:04:38 - [TEST_STEP][PASSED] - openBrowser(""): Browser is opened with url: ''

2022-02-02 11:04:38 - [MESSAGE][INFO] - Starting 'Firefox (headless)' driver

2022-02-02 11:04:38 - [MESSAGE][INFO] - Action delay is set to 0 milliseconds

2022-02-02 11:04:41 - [MESSAGE][PASSED] - Browser is opened with url: ''

2022-02-02 11:04:41 - [TEST_STEP][PASSED] - setViewPortSize(1920, 1080): Viewport is set to new size with width = 1920 and height = 1080

2022-02-02 11:04:41 - [MESSAGE][PASSED] - Viewport is set to new size with width = 1920 and height = 1080

2022-02-02 11:04:41 - [TEST_STEP][PASSED] - navigateToUrl(url): Navigate to 'https://universal.3tlstaging.com/home' successfully

2022-02-02 11:05:01 - [MESSAGE][PASSED] - Navigate to 'https://universal.3tlstaging.com/home' successfully

2022-02-02 11:05:01 - [TEST_STEP][PASSED] - delay(5): Delayed 5 second(s)

2022-02-02 11:05:06 - [MESSAGE][PASSED] - Delayed 5 second(s)

2022-02-02 11:05:06 - [TEST_STEP][PASSED] - maximizeWindow(): Current window maximized

2022-02-02 11:05:07 - [MESSAGE][PASSED] - Current window maximized

2022-02-02 11:05:07 - [TEST_STEP][PASSED] - if (verifyTextPresent("REGISTER / LOGIN", true, STOP_ON_FAILURE)): Taking screenshot successfully

2022-02-02 11:05:07 - [MESSAGE][PASSED] - Text 'REGISTER / LOGIN' is present on page  using regular expression

2022-02-02 11:05:07 - [TEST_STEP][PASSED] - click(findTestObject("Universal Staging/a_Register  Login")): Object: 'Object Repository/Universal Staging/a_Register  Login' is clicked on

2022-02-02 11:05:08 - [MESSAGE][PASSED] - Object: 'Object Repository/Universal Staging/a_Register  Login' is clicked on

2022-02-02 11:05:08 - [TEST_STEP][PASSED] - setText(findTestObject("Universal Staging/input_USERNAME OR EMAIL_mat-input-0"), Email): Text 'ankit248@yopmail.com' is set on object 'Object Repository/Universal Staging/input_USERNAME OR EMAIL_mat-input-0'

2022-02-02 11:05:08 - [MESSAGE][PASSED] - Text 'ankit248@yopmail.com' is set on object 'Object Repository/Universal Staging/input_USERNAME OR EMAIL_mat-input-0'

2022-02-02 11:05:08 - [TEST_STEP][PASSED] - setText(findTestObject("Universal Staging/input_PASSWORD_mat-input-1"), Pswrd): Text '3TL@testing' is set on object 'Object Repository/Universal Staging/input_PASSWORD_mat-input-1'

2022-02-02 11:05:08 - [MESSAGE][PASSED] - Text '3TL@testing' is set on object 'Object Repository/Universal Staging/input_PASSWORD_mat-input-1'

2022-02-02 11:05:08 - [TEST_STEP][PASSED] - click(findTestObject("Universal Staging/button_Login")): Object: 'Object Repository/Universal Staging/button_Login' is clicked on

2022-02-02 11:05:08 - [MESSAGE][PASSED] - Object: 'Object Repository/Universal Staging/button_Login' is clicked on

2022-02-02 11:05:08 - [TEST_STEP][PASSED] - delay(2): Delayed 2 second(s)

2022-02-02 11:05:10 - [MESSAGE][PASSED] - Delayed 2 second(s)

2022-02-02 11:05:10 - [TEST_STEP][PASSED] - User_name = getText(findTestObject("Object Repository/Universal Staging/Tier Name")): Text of object 'Object Repository/Universal Staging/Tier Name' is: 'Ankit Kumar'

2022-02-02 11:05:10 - [MESSAGE][PASSED] - Text of object 'Object Repository/Universal Staging/Tier Name' is: 'Ankit Kumar'

2022-02-02 11:05:10 - [TEST_STEP][PASSED] - Tier_name = getText(findTestObject("Object Repository/Universal Staging/Tier Namee"), CONTINUE_ON_FAILURE): Text of object 'Object Repository/Universal Staging/Tier Namee' is: 'SCREENWRITER'

2022-02-02 11:05:10 - [MESSAGE][PASSED] - Text of object 'Object Repository/Universal Staging/Tier Namee' is: 'SCREENWRITER'

2022-02-02 11:05:10 - [TEST_STEP][PASSED] - out.println("Welcome " + User_name): null

2022-02-02 11:05:10 - [TEST_STEP][PASSED] - out.println("you are in " + Tier_name): null

2022-02-02 11:05:10 - [TEST_STEP][PASSED] - takeScreenshot(): Taking screenshot successfully

2022-02-02 11:05:11 - [MESSAGE][PASSED] - Taking screenshot successfully
[[ATTACHMENT|/home/knoldus/git/Universal-Auto/Reports/20220202_110133/Eligible Moviee/Eligible movie/20220202_110136/1643780110864.png]]

2022-02-02 11:05:11 - [MESSAGE][PASSED] - Call Test Case 'Test Cases/Universal/Login/TC-2 Login with Screenwriter' successfully

2022-02-02 11:05:11 - [TEST_STEP][PASSED] - mouseOver(findTestObject("Object Repository/eligible movie/Page_Universal All-Access Rewards  Get Rewa_700d57/a_Validate Purchase")): Object: 'Object Repository/eligible movie/Page_Universal All-Access Rewards  Get Rewa_700d57/a_Validate Purchase' is hovered

2022-02-02 11:05:11 - [MESSAGE][PASSED] - Object: 'Object Repository/eligible movie/Page_Universal All-Access Rewards  Get Rewa_700d57/a_Validate Purchase' is hovered

2022-02-02 11:05:11 - [TEST_STEP][PASSED] - click(findTestObject("Object Repository/eligible movie/Page_Universal All-Access Rewards  Get Rewa_700d57/a_Eligible Movies")): Object: 'Object Repository/eligible movie/Page_Universal All-Access Rewards  Get Rewa_700d57/a_Eligible Movies' is clicked on

2022-02-02 11:05:11 - [MESSAGE][PASSED] - Object: 'Object Repository/eligible movie/Page_Universal All-Access Rewards  Get Rewa_700d57/a_Eligible Movies' is clicked on

2022-02-02 11:05:11 - [TEST_STEP][PASSED] - delay(2): Delayed 2 second(s)

2022-02-02 11:05:13 - [MESSAGE][PASSED] - Delayed 2 second(s)

2022-02-02 11:05:13 - [TEST_STEP][PASSED] - scrollToPosition(999, 999, CONTINUE_ON_FAILURE): Browser is scrolled to position x = 999, y = 999

2022-02-02 11:05:13 - [MESSAGE][PASSED] - Browser is scrolled to position x = 999, y = 999

2022-02-02 11:05:13 - [TEST_STEP][PASSED] - if (verifyTextPresent(title, true)): Browser is closed

2022-02-02 11:05:14 - [MESSAGE][PASSED] - Text 'Halloween Kills' is present on page  using regular expression

2022-02-02 11:05:14 - [TEST_STEP][PASSED] - Movie_validation = verifyTextPresent(Validation_type, true): Text 'Product Insert Code' is present on page  using regular expression

2022-02-02 11:05:15 - [MESSAGE][PASSED] - Text 'Product Insert Code' is present on page  using regular expression

2022-02-02 11:05:15 - [TEST_STEP][PASSED] - Movie_format = verifyTextPresent(format, true): Text '4K' is present on page  using regular expression

2022-02-02 11:05:15 - [MESSAGE][PASSED] - Text '4K' is present on page  using regular expression

2022-02-02 11:05:15 - [TEST_STEP][PASSED] - Movie_UPC = verifyTextPresent(UPC, true): Text '1-9132-92112-5-0' is present on page  using regular expression

2022-02-02 11:05:16 - [MESSAGE][PASSED] - Text '1-9132-92112-5-0' is present on page  using regular expression

2022-02-02 11:05:16 - [TEST_STEP][PASSED] - Movie_name = getText(findTestObject("Object Repository/Universal Staging/Eligible movie name")): Text of object 'Object Repository/Universal Staging/Eligible movie name' is: 'Halloween Kills
Product Insert Code
4K
1-9132-92112-5-0'

2022-02-02 11:05:16 - [MESSAGE][PASSED] - Text of object 'Object Repository/Universal Staging/Eligible movie name' is: 'Halloween Kills
Product Insert Code
4K
1-9132-92112-5-0'

2022-02-02 11:05:16 - [TEST_STEP][PASSED] - out.println("Eligible movie name " + Movie_name): null

2022-02-02 11:05:16 - [TEST_STEP][PASSED] - takeScreenshot(): Taking screenshot successfully

2022-02-02 11:05:16 - [MESSAGE][PASSED] - Taking screenshot successfully
[[ATTACHMENT|/home/knoldus/git/Universal-Auto/Reports/20220202_110133/Eligible Moviee/Eligible movie/20220202_110136/1643780116295.png]]

2022-02-02 11:05:16 - [TEST_STEP][PASSED] - closeBrowser(): Browser is closed

2022-02-02 11:05:16 - [MESSAGE][PASSED] - Browser is closed]]></system-out>
         <system-err><![CDATA[]]></system-err>
      </testcase>
      <system-out><![CDATA[2022-02-02 11:04:37 - [TEST_SUITE][PASSED] - Eligible movie: Test Cases/Universal/Tc-5 Verify the movies on Eligible page]]></system-out>
      <system-err><![CDATA[]]></system-err>
   </testsuite>
   <testsuite name="Movie" tests="1" failures="0" errors="0" time="43.228" skipped="0" timestamp="2022-02-02 11:05:40" hostname="knoldus - knoldus-Latitude-3520" id="Test Suites/Movie/Movie">
      <properties>
         <property name="deviceName" value=""/>
         <property name="devicePlatform" value=""/>
         <property name="logFolder" value="/home/knoldus/git/Universal-Auto/Reports/20220202_110133/Movie/Movie/20220202_110138"/>
         <property name="logFiles" value="/home/knoldus/git/Universal-Auto/Reports/20220202_110133/Movie/Movie/20220202_110138/execution0.log"/>
         <property name="attachments" value="/home/knoldus/git/Universal-Auto/Reports/20220202_110133/Movie/Movie/20220202_110138/1643780172497.png"/>
         <property name="hostName" value="knoldus - knoldus-Latitude-3520"/>
         <property name="os" value="Linux 64bit"/>
         <property name="katalonVersion" value="8.2.0.208"/>
         <property name="browser" value="Firefox 96.0"/>
         <property name="hostAddress" value="127.0.1.1"/>
         <property name="sessionId" value="8d545fd0-8595-4ea5-9109-5788d0993a3b"/>
         <property name="seleniumVersion" value="3.141.59"/>
         <property name="proxyInformation" value="ProxyInformation { proxyOption=NO_PROXY, proxyServerType=HTTP, username=, password=********, proxyServerAddress=, proxyServerPort=0, executionList=&quot;&quot;, isApplyToDesiredCapabilities=true }"/>
         <property name="platform" value="Linux"/>
      </properties>
      <testcase name="Test Cases/Universal/Tc-1 Verify the movies on movie ticket page" time="42.89" classname="Test Cases/Universal/Tc-1 Verify the movies on movie ticket page" status="PASSED">
         <system-out><![CDATA[2022-02-02 11:05:40 - [TEST_CASE][PASSED] - Test Cases/Universal/Tc-1 Verify the movies on movie ticket page: Test Cases/Universal/Tc-1 Verify the movies on movie ticket page

2022-02-02 11:05:41 - [TEST_STEP][PASSED] - callTestCase(findTestCase("Universal/Login/TC-1 Login with Moviestar"), ["Email":"testing12345@yopmail.com", "Pswrd":"3TL@testing"], STOP_ON_FAILURE): Call Test Case 'Test Cases/Universal/Login/TC-1 Login with Moviestar' successfully

2022-02-02 11:05:41 - [TEST_CASE][PASSED] - Test Cases/Universal/Login/TC-1 Login with Moviestar: Test Cases/Universal/Login/TC-1 Login with Moviestar

2022-02-02 11:05:41 - [TEST_STEP][PASSED] - openBrowser(""): Browser is opened with url: ''

2022-02-02 11:05:41 - [MESSAGE][INFO] - Starting 'Firefox (headless)' driver

2022-02-02 11:05:41 - [MESSAGE][INFO] - Action delay is set to 0 milliseconds

2022-02-02 11:05:44 - [MESSAGE][PASSED] - Browser is opened with url: ''

2022-02-02 11:05:44 - [TEST_STEP][PASSED] - setViewPortSize(1920, 1080): Viewport is set to new size with width = 1920 and height = 1080

2022-02-02 11:05:44 - [MESSAGE][PASSED] - Viewport is set to new size with width = 1920 and height = 1080

2022-02-02 11:05:44 - [TEST_STEP][PASSED] - navigateToUrl(url): Navigate to 'https://universal.3tlstaging.com/home' successfully

2022-02-02 11:06:03 - [MESSAGE][PASSED] - Navigate to 'https://universal.3tlstaging.com/home' successfully

2022-02-02 11:06:03 - [TEST_STEP][PASSED] - delay(5): Delayed 5 second(s)

2022-02-02 11:06:08 - [MESSAGE][PASSED] - Delayed 5 second(s)

2022-02-02 11:06:08 - [TEST_STEP][PASSED] - maximizeWindow(): Current window maximized

2022-02-02 11:06:08 - [MESSAGE][PASSED] - Current window maximized

2022-02-02 11:06:08 - [TEST_STEP][PASSED] - if (verifyTextPresent("REGISTER / LOGIN", true, STOP_ON_FAILURE)): Taking screenshot successfully

2022-02-02 11:06:08 - [MESSAGE][PASSED] - Text 'REGISTER / LOGIN' is present on page  using regular expression

2022-02-02 11:06:08 - [TEST_STEP][PASSED] - click(findTestObject("Universal Staging/a_Register  Login")): Object: 'Object Repository/Universal Staging/a_Register  Login' is clicked on

2022-02-02 11:06:09 - [MESSAGE][PASSED] - Object: 'Object Repository/Universal Staging/a_Register  Login' is clicked on

2022-02-02 11:06:09 - [TEST_STEP][PASSED] - setText(findTestObject("Universal Staging/input_USERNAME OR EMAIL_mat-input-0"), Email): Text 'testing12345@yopmail.com' is set on object 'Object Repository/Universal Staging/input_USERNAME OR EMAIL_mat-input-0'

2022-02-02 11:06:09 - [MESSAGE][PASSED] - Text 'testing12345@yopmail.com' is set on object 'Object Repository/Universal Staging/input_USERNAME OR EMAIL_mat-input-0'

2022-02-02 11:06:09 - [TEST_STEP][PASSED] - setText(findTestObject("Universal Staging/input_PASSWORD_mat-input-1"), Pswrd): Text '3TL@testing' is set on object 'Object Repository/Universal Staging/input_PASSWORD_mat-input-1'

2022-02-02 11:06:09 - [MESSAGE][PASSED] - Text '3TL@testing' is set on object 'Object Repository/Universal Staging/input_PASSWORD_mat-input-1'

2022-02-02 11:06:09 - [TEST_STEP][PASSED] - click(findTestObject("Universal Staging/button_Login")): Object: 'Object Repository/Universal Staging/button_Login' is clicked on

2022-02-02 11:06:10 - [MESSAGE][PASSED] - Object: 'Object Repository/Universal Staging/button_Login' is clicked on

2022-02-02 11:06:10 - [TEST_STEP][PASSED] - delay(2): Delayed 2 second(s)

2022-02-02 11:06:12 - [MESSAGE][PASSED] - Delayed 2 second(s)

2022-02-02 11:06:12 - [TEST_STEP][PASSED] - User_name = getText(findTestObject("Object Repository/Universal Staging/Tier Name")): Text of object 'Object Repository/Universal Staging/Tier Name' is: 'Ankit Kumar'

2022-02-02 11:06:12 - [MESSAGE][PASSED] - Text of object 'Object Repository/Universal Staging/Tier Name' is: 'Ankit Kumar'

2022-02-02 11:06:12 - [TEST_STEP][PASSED] - Tier_name = getText(findTestObject("Object Repository/Universal Staging/Tier Namee"), CONTINUE_ON_FAILURE): Text of object 'Object Repository/Universal Staging/Tier Namee' is: 'MOVIE STAR'

2022-02-02 11:06:12 - [MESSAGE][PASSED] - Text of object 'Object Repository/Universal Staging/Tier Namee' is: 'MOVIE STAR'

2022-02-02 11:06:12 - [TEST_STEP][PASSED] - out.println("Welcome " + User_name): null

2022-02-02 11:06:12 - [TEST_STEP][PASSED] - out.println("you are in " + Tier_name): null

2022-02-02 11:06:12 - [TEST_STEP][PASSED] - takeScreenshot(): Taking screenshot successfully

2022-02-02 11:06:12 - [MESSAGE][PASSED] - Taking screenshot successfully
[[ATTACHMENT|/home/knoldus/git/Universal-Auto/Reports/20220202_110133/Movie/Movie/20220202_110138/1643780172497.png]]

2022-02-02 11:06:12 - [MESSAGE][PASSED] - Call Test Case 'Test Cases/Universal/Login/TC-1 Login with Moviestar' successfully

2022-02-02 11:06:12 - [TEST_STEP][PASSED] - delay(5): Delayed 5 second(s)

2022-02-02 11:06:17 - [MESSAGE][PASSED] - Delayed 5 second(s)

2022-02-02 11:06:17 - [TEST_STEP][PASSED] - mouseOver(findTestObject("Object Repository/Universal Staging/a_Validate Purchase")): Object: 'Object Repository/Universal Staging/a_Validate Purchase' is hovered

2022-02-02 11:06:18 - [MESSAGE][PASSED] - Object: 'Object Repository/Universal Staging/a_Validate Purchase' is hovered

2022-02-02 11:06:18 - [TEST_STEP][PASSED] - click(findTestObject("Object Repository/Universal Staging/a_Movie Ticket")): Object: 'Object Repository/Universal Staging/a_Movie Ticket' is clicked on

2022-02-02 11:06:18 - [MESSAGE][PASSED] - Object: 'Object Repository/Universal Staging/a_Movie Ticket' is clicked on

2022-02-02 11:06:18 - [TEST_STEP][PASSED] - scrollToPosition(999, 999, STOP_ON_FAILURE): Browser is scrolled to position x = 999, y = 999

2022-02-02 11:06:18 - [MESSAGE][PASSED] - Browser is scrolled to position x = 999, y = 999

2022-02-02 11:06:18 - [TEST_STEP][PASSED] - delay(5): Delayed 5 second(s)

2022-02-02 11:06:23 - [MESSAGE][PASSED] - Delayed 5 second(s)

2022-02-02 11:06:23 - [TEST_STEP][PASSED] - listofelements = findWebElements(findTestObject("Object Repository/Universal Staging/Movies images"), 10): null

2022-02-02 11:06:23 - [TEST_STEP][PASSED] - for (org.openqa.selenium.WebElement element : listofelements): null

2022-02-02 11:06:23 - [TEST_STEP][PASSED] - out.println("movie" + element.getAttribute("alt") + element.getAttribute("src")): null

2022-02-02 11:06:23 - [TEST_STEP][PASSED] - out.println("movie" + element.getAttribute("alt") + element.getAttribute("src")): null]]></system-out>
         <system-err><![CDATA[]]></system-err>
      </testcase>
      <system-out><![CDATA[2022-02-02 11:05:40 - [TEST_SUITE][PASSED] - Movie: Test Cases/Universal/Tc-1 Verify the movies on movie ticket page]]></system-out>
      <system-err><![CDATA[]]></system-err>
   </testsuite>
   <testsuite name="Digital Rewards" tests="1" failures="0" errors="0" time="59.659" skipped="0" timestamp="2022-02-02 11:06:48" hostname="knoldus - knoldus-Latitude-3520" id="Test Suites/Digital Rewardss/Digital Rewards">
      <properties>
         <property name="deviceName" value=""/>
         <property name="devicePlatform" value=""/>
         <property name="logFolder" value="/home/knoldus/git/Universal-Auto/Reports/20220202_110133/Digital Rewardss/Digital Rewards/20220202_110140"/>
         <property name="logFiles" value="/home/knoldus/git/Universal-Auto/Reports/20220202_110133/Digital Rewardss/Digital Rewards/20220202_110140/execution0.log"/>
         <property name="attachments" value="/home/knoldus/git/Universal-Auto/Reports/20220202_110133/Digital Rewardss/Digital Rewards/20220202_110140/1643780242021.png, /home/knoldus/git/Universal-Auto/Reports/20220202_110133/Digital Rewardss/Digital Rewards/20220202_110140/1643780250287.png"/>
         <property name="hostName" value="knoldus - knoldus-Latitude-3520"/>
         <property name="os" value="Linux 64bit"/>
         <property name="katalonVersion" value="8.2.0.208"/>
         <property name="browser" value="Firefox 96.0"/>
         <property name="hostAddress" value="127.0.1.1"/>
         <property name="sessionId" value="a681c7a9-7dfc-4535-821a-3dc9699cffd2"/>
         <property name="seleniumVersion" value="3.141.59"/>
         <property name="proxyInformation" value="ProxyInformation { proxyOption=NO_PROXY, proxyServerType=HTTP, username=, password=********, proxyServerAddress=, proxyServerPort=0, executionList=&quot;&quot;, isApplyToDesiredCapabilities=true }"/>
         <property name="platform" value="Linux"/>
      </properties>
      <testcase name="Test Cases/Universal/Tc-3 Verify the Digital rewards on reward page" time="59.425" classname="Test Cases/Universal/Tc-3 Verify the Digital rewards on reward page" status="PASSED">
         <system-out><![CDATA[2022-02-02 11:06:48 - [TEST_CASE][PASSED] - Test Cases/Universal/Tc-3 Verify the Digital rewards on reward page: Test Cases/Universal/Tc-3 Verify the Digital rewards on reward page

2022-02-02 11:06:49 - [TEST_STEP][PASSED] - callTestCase(findTestCase("Universal/Login/TC-3 Login with Director"), ["Email":"test3004@yopmail.com", "Pswrd":"3tl@testing"], CONTINUE_ON_FAILURE): Call Test Case 'Test Cases/Universal/Login/TC-3 Login with Director' successfully

2022-02-02 11:06:49 - [TEST_CASE][PASSED] - Test Cases/Universal/Login/TC-3 Login with Director: Test Cases/Universal/Login/TC-3 Login with Director

2022-02-02 11:06:49 - [TEST_STEP][PASSED] - openBrowser(""): Browser is opened with url: ''

2022-02-02 11:06:49 - [MESSAGE][INFO] - Starting 'Firefox (headless)' driver

2022-02-02 11:06:49 - [MESSAGE][INFO] - Action delay is set to 0 milliseconds

2022-02-02 11:06:52 - [MESSAGE][PASSED] - Browser is opened with url: ''

2022-02-02 11:06:52 - [TEST_STEP][PASSED] - setViewPortSize(1920, 1080): Viewport is set to new size with width = 1920 and height = 1080

2022-02-02 11:06:52 - [MESSAGE][PASSED] - Viewport is set to new size with width = 1920 and height = 1080

2022-02-02 11:06:52 - [TEST_STEP][PASSED] - navigateToUrl(url): Navigate to 'https://universal.3tlstaging.com/home' successfully

2022-02-02 11:07:13 - [MESSAGE][PASSED] - Navigate to 'https://universal.3tlstaging.com/home' successfully

2022-02-02 11:07:13 - [TEST_STEP][PASSED] - delay(5): Delayed 5 second(s)

2022-02-02 11:07:18 - [MESSAGE][PASSED] - Delayed 5 second(s)

2022-02-02 11:07:18 - [TEST_STEP][PASSED] - maximizeWindow(): Current window maximized

2022-02-02 11:07:18 - [MESSAGE][PASSED] - Current window maximized

2022-02-02 11:07:18 - [TEST_STEP][PASSED] - if (verifyTextPresent("REGISTER / LOGIN", true, STOP_ON_FAILURE)): Taking screenshot successfully

2022-02-02 11:07:18 - [MESSAGE][PASSED] - Text 'REGISTER / LOGIN' is present on page  using regular expression

2022-02-02 11:07:18 - [TEST_STEP][PASSED] - click(findTestObject("Universal Staging/a_Register  Login")): Object: 'Object Repository/Universal Staging/a_Register  Login' is clicked on

2022-02-02 11:07:19 - [MESSAGE][PASSED] - Object: 'Object Repository/Universal Staging/a_Register  Login' is clicked on

2022-02-02 11:07:19 - [TEST_STEP][PASSED] - setText(findTestObject("Universal Staging/input_USERNAME OR EMAIL_mat-input-0"), Email): Text 'test3004@yopmail.com' is set on object 'Object Repository/Universal Staging/input_USERNAME OR EMAIL_mat-input-0'

2022-02-02 11:07:19 - [MESSAGE][PASSED] - Text 'test3004@yopmail.com' is set on object 'Object Repository/Universal Staging/input_USERNAME OR EMAIL_mat-input-0'

2022-02-02 11:07:19 - [TEST_STEP][PASSED] - setText(findTestObject("Universal Staging/input_PASSWORD_mat-input-1"), Pswrd): Text '3tl@testing' is set on object 'Object Repository/Universal Staging/input_PASSWORD_mat-input-1'

2022-02-02 11:07:19 - [MESSAGE][PASSED] - Text '3tl@testing' is set on object 'Object Repository/Universal Staging/input_PASSWORD_mat-input-1'

2022-02-02 11:07:19 - [TEST_STEP][PASSED] - click(findTestObject("Universal Staging/button_Login")): Object: 'Object Repository/Universal Staging/button_Login' is clicked on

2022-02-02 11:07:19 - [MESSAGE][PASSED] - Object: 'Object Repository/Universal Staging/button_Login' is clicked on

2022-02-02 11:07:19 - [TEST_STEP][PASSED] - delay(2): Delayed 2 second(s)

2022-02-02 11:07:21 - [MESSAGE][PASSED] - Delayed 2 second(s)

2022-02-02 11:07:21 - [TEST_STEP][PASSED] - User_name = getText(findTestObject("Object Repository/Universal Staging/Tier Name")): Text of object 'Object Repository/Universal Staging/Tier Name' is: 'Gargi Sanadhya'

2022-02-02 11:07:21 - [MESSAGE][PASSED] - Text of object 'Object Repository/Universal Staging/Tier Name' is: 'Gargi Sanadhya'

2022-02-02 11:07:21 - [TEST_STEP][PASSED] - Tier_name = getText(findTestObject("Object Repository/Universal Staging/Tier Namee"), CONTINUE_ON_FAILURE): Text of object 'Object Repository/Universal Staging/Tier Namee' is: 'DIRECTOR'

2022-02-02 11:07:21 - [MESSAGE][PASSED] - Text of object 'Object Repository/Universal Staging/Tier Namee' is: 'DIRECTOR'

2022-02-02 11:07:21 - [TEST_STEP][PASSED] - out.println("Welcome " + User_name): null

2022-02-02 11:07:21 - [TEST_STEP][PASSED] - out.println("you are in " + Tier_name): null

2022-02-02 11:07:21 - [TEST_STEP][PASSED] - takeScreenshot(): Taking screenshot successfully

2022-02-02 11:07:22 - [MESSAGE][PASSED] - Taking screenshot successfully
[[ATTACHMENT|/home/knoldus/git/Universal-Auto/Reports/20220202_110133/Digital Rewardss/Digital Rewards/20220202_110140/1643780242021.png]]

2022-02-02 11:07:22 - [MESSAGE][PASSED] - Call Test Case 'Test Cases/Universal/Login/TC-3 Login with Director' successfully

2022-02-02 11:07:22 - [TEST_STEP][PASSED] - delay(5): Delayed 5 second(s)

2022-02-02 11:07:27 - [MESSAGE][PASSED] - Delayed 5 second(s)

2022-02-02 11:07:27 - [TEST_STEP][PASSED] - click(findTestObject("Object Repository/Reward page/Page_Universal All-Access Rewards  Get Rewa_700d57/a_Rewards")): Object: 'Object Repository/Reward page/Page_Universal All-Access Rewards  Get Rewa_700d57/a_Rewards' is clicked on

2022-02-02 11:07:27 - [MESSAGE][PASSED] - Object: 'Object Repository/Reward page/Page_Universal All-Access Rewards  Get Rewa_700d57/a_Rewards' is clicked on

2022-02-02 11:07:27 - [TEST_STEP][PASSED] - scrollToElement(findTestObject("Object Repository/Reward page/Page_Universal All-Access Rewards  Get Rewa_700d57/div_Show All"), 0, STOP_ON_FAILURE): Scroll to object 'Object Repository/Reward page/Page_Universal All-Access Rewards  Get Rewa_700d57/div_Show All' successfully

2022-02-02 11:07:27 - [MESSAGE][WARNING] - Timeout '0' is invalid. Using default page load timeout: '30'

2022-02-02 11:07:27 - [MESSAGE][PASSED] - Scroll to object 'Object Repository/Reward page/Page_Universal All-Access Rewards  Get Rewa_700d57/div_Show All' successfully

2022-02-02 11:07:27 - [TEST_STEP][PASSED] - click(findTestObject("Object Repository/Reward page/Page_Universal All-Access Rewards  Get Rewa_700d57/div_Show All")): Object: 'Object Repository/Reward page/Page_Universal All-Access Rewards  Get Rewa_700d57/div_Show All' is clicked on

2022-02-02 11:07:29 - [MESSAGE][PASSED] - Object: 'Object Repository/Reward page/Page_Universal All-Access Rewards  Get Rewa_700d57/div_Show All' is clicked on

2022-02-02 11:07:29 - [TEST_STEP][PASSED] - click(findTestObject("Object Repository/Reward page/Page_Universal All-Access Rewards  Get Rewa_700d57/span_Digital")): Object: 'Object Repository/Reward page/Page_Universal All-Access Rewards  Get Rewa_700d57/span_Digital' is clicked on

2022-02-02 11:07:29 - [MESSAGE][PASSED] - Object: 'Object Repository/Reward page/Page_Universal All-Access Rewards  Get Rewa_700d57/span_Digital' is clicked on

2022-02-02 11:07:29 - [TEST_STEP][PASSED] - scrollToPosition(999, 999, STOP_ON_FAILURE): Browser is scrolled to position x = 999, y = 999

2022-02-02 11:07:29 - [MESSAGE][PASSED] - Browser is scrolled to position x = 999, y = 999

2022-02-02 11:07:29 - [TEST_STEP][PASSED] - click(findTestObject("Object Repository/Reward page/Page_Universal All-Access Rewards  Get Rewa_700d57/div_1K PointsBeethovens Big BreakDigital Mo_cf5511")): Object: 'Object Repository/Reward page/Page_Universal All-Access Rewards  Get Rewa_700d57/div_1K PointsBeethovens Big BreakDigital Mo_cf5511' is clicked on

2022-02-02 11:07:30 - [MESSAGE][PASSED] - Object: 'Object Repository/Reward page/Page_Universal All-Access Rewards  Get Rewa_700d57/div_1K PointsBeethovens Big BreakDigital Mo_cf5511' is clicked on

2022-02-02 11:07:30 - [TEST_STEP][PASSED] - takeScreenshot(): Taking screenshot successfully

2022-02-02 11:07:30 - [MESSAGE][PASSED] - Taking screenshot successfully
[[ATTACHMENT|/home/knoldus/git/Universal-Auto/Reports/20220202_110133/Digital Rewardss/Digital Rewards/20220202_110140/1643780250287.png]]

2022-02-02 11:07:30 - [TEST_STEP][PASSED] - delay(3): Delayed 3 second(s)

2022-02-02 11:07:33 - [MESSAGE][PASSED] - Delayed 3 second(s)

2022-02-02 11:07:33 - [TEST_STEP][PASSED] - if (verifyTextPresent(Title, true, OPTIONAL)): null

2022-02-02 11:07:34 - [MESSAGE][PASSED] - Text 'Kicking and Screaming' is present on page  using regular expression

2022-02-02 11:07:34 - [TEST_STEP][PASSED] - if (verifyTextPresent(Short_des, true, CONTINUE_ON_FAILURE)): null

2022-02-02 11:07:34 - [MESSAGE][PASSED] - Text 'Digital Movie' is present on page  using regular expression

2022-02-02 11:07:34 - [TEST_STEP][PASSED] - navigateToUrl(url + behavior_id): Navigate to 'https://universal.3tlstaging.com/reward-preview/8be1c7b396cf9d694babd31c3202f0bc-b4be01f3ba2f6de759738fb625d165da' successfully

2022-02-02 11:07:42 - [MESSAGE][PASSED] - Navigate to 'https://universal.3tlstaging.com/reward-preview/8be1c7b396cf9d694babd31c3202f0bc-b4be01f3ba2f6de759738fb625d165da' successfully

2022-02-02 11:07:42 - [TEST_STEP][PASSED] - result = getText(findTestObject("Object Repository/Universal Staging/Get movie name")): Text of object 'Object Repository/Universal Staging/Get movie name' is: 'Kicking and Screaming'

2022-02-02 11:07:42 - [MESSAGE][PASSED] - Text of object 'Object Repository/Universal Staging/Get movie name' is: 'Kicking and Screaming'

2022-02-02 11:07:42 - [TEST_STEP][PASSED] - out.println("Movie Name is" + result): null

2022-02-02 11:07:42 - [TEST_STEP][PASSED] - scrollToElement(findTestObject("Object Repository/Universal Staging/Redeem Now button"), 0, CONTINUE_ON_FAILURE): Scroll to object 'Object Repository/Universal Staging/Redeem Now button' successfully

2022-02-02 11:07:42 - [MESSAGE][WARNING] - Timeout '0' is invalid. Using default page load timeout: '30'

2022-02-02 11:07:42 - [MESSAGE][PASSED] - Scroll to object 'Object Repository/Universal Staging/Redeem Now button' successfully

2022-02-02 11:07:42 - [TEST_STEP][PASSED] - click(findTestObject("Object Repository/Universal Staging/Redeem Now button")): Object: 'Object Repository/Universal Staging/Redeem Now button' is clicked on

2022-02-02 11:07:42 - [MESSAGE][PASSED] - Object: 'Object Repository/Universal Staging/Redeem Now button' is clicked on

2022-02-02 11:07:42 - [TEST_STEP][PASSED] - delay(5): Delayed 5 second(s)

2022-02-02 11:07:47 - [MESSAGE][PASSED] - Delayed 5 second(s)

2022-02-02 11:07:47 - [TEST_STEP][PASSED] - if (verifyElementPresent(findTestObject("Object Repository/Universal Staging/Toast message"), 0, CONTINUE_ON_FAILURE)): null

2022-02-02 11:07:47 - [MESSAGE][WARNING] - Timeout '0' is invalid. Using default page load timeout: '30'

2022-02-02 11:07:47 - [MESSAGE][PASSED] - Object 'Object Repository/Universal Staging/Toast message' is present

2022-02-02 11:07:47 - [TEST_STEP][PASSED] - Toastmessage = getText(findTestObject("Object Repository/Universal Staging/Toast message"), CONTINUE_ON_FAILURE): Text of object 'Object Repository/Universal Staging/Toast message' is: 'Sorry! Youve already redeemed this reward.'

2022-02-02 11:07:47 - [MESSAGE][PASSED] - Text of object 'Object Repository/Universal Staging/Toast message' is: 'Sorry! Youve already redeemed this reward.'

2022-02-02 11:07:47 - [TEST_STEP][PASSED] - out.println("Already reedemed  " + Toastmessage): null

2022-02-02 11:07:47 - [TEST_STEP][PASSED] - closeBrowser(): Browser is closed

2022-02-02 11:07:48 - [MESSAGE][PASSED] - Browser is closed]]></system-out>
         <system-err><![CDATA[]]></system-err>
      </testcase>
      <system-out><![CDATA[2022-02-02 11:06:48 - [TEST_SUITE][PASSED] - Digital Rewards: Test Cases/Universal/Tc-3 Verify the Digital rewards on reward page]]></system-out>
      <system-err><![CDATA[]]></system-err>
   </testsuite>
</testsuites>
