<?xml version="1.0" encoding="UTF-8"?>
<testsuites name="Test collection 2" time="776.978" tests="10" failures="2" errors="0">
   <testsuite name="Physical reward" tests="1" failures="0" errors="0" time="48.756" skipped="0" timestamp="2022-02-02 12:47:56" hostname="knoldus - knoldus-Latitude-3520" id="Test Suites/Physical rewards/Physical reward">
      <properties>
         <property name="deviceName" value=""/>
         <property name="devicePlatform" value=""/>
         <property name="logFolder" value="/home/knoldus/git/Universal-Auto/Reports/20220202_124732/Physical rewards/Physical reward/20220202_124733"/>
         <property name="logFiles" value="/home/knoldus/git/Universal-Auto/Reports/20220202_124732/Physical rewards/Physical reward/20220202_124733/execution0.log"/>
         <property name="attachments" value="/home/knoldus/git/Universal-Auto/Reports/20220202_124732/Physical rewards/Physical reward/20220202_124733/1643786306996.png"/>
         <property name="hostName" value="knoldus - knoldus-Latitude-3520"/>
         <property name="os" value="Linux 64bit"/>
         <property name="katalonVersion" value="8.2.0.208"/>
         <property name="browser" value="Firefox 96.0"/>
         <property name="hostAddress" value="127.0.1.1"/>
         <property name="sessionId" value="26bfc2ec-30c0-4eee-a848-50cd52dd67d0"/>
         <property name="seleniumVersion" value="3.141.59"/>
         <property name="proxyInformation" value="ProxyInformation { proxyOption=NO_PROXY, proxyServerType=HTTP, username=, password=********, proxyServerAddress=, proxyServerPort=0, executionList=&quot;&quot;, isApplyToDesiredCapabilities=true }"/>
         <property name="platform" value="Linux"/>
      </properties>
      <testcase name="Test Cases/Universal/Tc-2 Verify the Physical rewards on reward page" time="48.513" classname="Test Cases/Universal/Tc-2 Verify the Physical rewards on reward page" status="PASSED">
         <system-out><![CDATA[2022-02-02 12:47:57 - [TEST_CASE][PASSED] - Test Cases/Universal/Tc-2 Verify the Physical rewards on reward page: Test Cases/Universal/Tc-2 Verify the Physical rewards on reward page

2022-02-02 12:47:57 - [TEST_STEP][PASSED] - callTestCase(findTestCase("Universal/Login/TC-3 Login with Director"), ["Email":"test3004@yopmail.com", "Pswrd":"3tl@testing"], OPTIONAL): Call Test Case 'Test Cases/Universal/Login/TC-3 Login with Director' successfully

2022-02-02 12:47:57 - [TEST_CASE][PASSED] - Test Cases/Universal/Login/TC-3 Login with Director: Test Cases/Universal/Login/TC-3 Login with Director

2022-02-02 12:47:57 - [TEST_STEP][PASSED] - openBrowser(""): Browser is opened with url: ''

2022-02-02 12:47:57 - [MESSAGE][INFO] - Starting 'Firefox (headless)' driver

2022-02-02 12:47:57 - [MESSAGE][INFO] - Action delay is set to 0 milliseconds

2022-02-02 12:47:59 - [MESSAGE][PASSED] - Browser is opened with url: ''

2022-02-02 12:47:59 - [TEST_STEP][PASSED] - setViewPortSize(1920, 1080): Viewport is set to new size with width = 1920 and height = 1080

2022-02-02 12:47:59 - [MESSAGE][PASSED] - Viewport is set to new size with width = 1920 and height = 1080

2022-02-02 12:47:59 - [TEST_STEP][PASSED] - navigateToUrl(url): Navigate to 'https://universal.3tlstaging.com/home' successfully

2022-02-02 12:48:18 - [MESSAGE][PASSED] - Navigate to 'https://universal.3tlstaging.com/home' successfully

2022-02-02 12:48:18 - [TEST_STEP][PASSED] - delay(5): Delayed 5 second(s)

2022-02-02 12:48:23 - [MESSAGE][PASSED] - Delayed 5 second(s)

2022-02-02 12:48:23 - [TEST_STEP][PASSED] - maximizeWindow(): Current window maximized

2022-02-02 12:48:23 - [MESSAGE][PASSED] - Current window maximized

2022-02-02 12:48:23 - [TEST_STEP][PASSED] - if (verifyTextPresent("REGISTER / LOGIN", true, STOP_ON_FAILURE)): Taking screenshot successfully

2022-02-02 12:48:23 - [MESSAGE][PASSED] - Text 'REGISTER / LOGIN' is present on page  using regular expression

2022-02-02 12:48:23 - [TEST_STEP][PASSED] - click(findTestObject("Universal Staging/a_Register  Login")): Object: 'Object Repository/Universal Staging/a_Register  Login' is clicked on

2022-02-02 12:48:24 - [MESSAGE][PASSED] - Object: 'Object Repository/Universal Staging/a_Register  Login' is clicked on

2022-02-02 12:48:24 - [TEST_STEP][PASSED] - setText(findTestObject("Universal Staging/input_USERNAME OR EMAIL_mat-input-0"), Email): Text 'test3004@yopmail.com' is set on object 'Object Repository/Universal Staging/input_USERNAME OR EMAIL_mat-input-0'

2022-02-02 12:48:24 - [MESSAGE][PASSED] - Text 'test3004@yopmail.com' is set on object 'Object Repository/Universal Staging/input_USERNAME OR EMAIL_mat-input-0'

2022-02-02 12:48:24 - [TEST_STEP][PASSED] - setText(findTestObject("Universal Staging/input_PASSWORD_mat-input-1"), Pswrd): Text '3tl@testing' is set on object 'Object Repository/Universal Staging/input_PASSWORD_mat-input-1'

2022-02-02 12:48:24 - [MESSAGE][PASSED] - Text '3tl@testing' is set on object 'Object Repository/Universal Staging/input_PASSWORD_mat-input-1'

2022-02-02 12:48:24 - [TEST_STEP][PASSED] - click(findTestObject("Universal Staging/button_Login")): Object: 'Object Repository/Universal Staging/button_Login' is clicked on

2022-02-02 12:48:24 - [MESSAGE][PASSED] - Object: 'Object Repository/Universal Staging/button_Login' is clicked on

2022-02-02 12:48:24 - [TEST_STEP][PASSED] - delay(2): Delayed 2 second(s)

2022-02-02 12:48:26 - [MESSAGE][PASSED] - Delayed 2 second(s)

2022-02-02 12:48:26 - [TEST_STEP][PASSED] - User_name = getText(findTestObject("Object Repository/Universal Staging/Tier Name")): Text of object 'Object Repository/Universal Staging/Tier Name' is: 'Gargi Sanadhya'

2022-02-02 12:48:26 - [MESSAGE][PASSED] - Text of object 'Object Repository/Universal Staging/Tier Name' is: 'Gargi Sanadhya'

2022-02-02 12:48:26 - [TEST_STEP][PASSED] - Tier_name = getText(findTestObject("Object Repository/Universal Staging/Tier Namee"), CONTINUE_ON_FAILURE): Text of object 'Object Repository/Universal Staging/Tier Namee' is: 'DIRECTOR'

2022-02-02 12:48:26 - [MESSAGE][PASSED] - Text of object 'Object Repository/Universal Staging/Tier Namee' is: 'DIRECTOR'

2022-02-02 12:48:26 - [TEST_STEP][PASSED] - out.println("Welcome " + User_name): null

2022-02-02 12:48:26 - [TEST_STEP][PASSED] - out.println("you are in " + Tier_name): null

2022-02-02 12:48:26 - [TEST_STEP][PASSED] - takeScreenshot(): Taking screenshot successfully

2022-02-02 12:48:27 - [MESSAGE][PASSED] - Taking screenshot successfully
[[ATTACHMENT|/home/knoldus/git/Universal-Auto/Reports/20220202_124732/Physical rewards/Physical reward/20220202_124733/1643786306996.png]]

2022-02-02 12:48:27 - [MESSAGE][PASSED] - Call Test Case 'Test Cases/Universal/Login/TC-3 Login with Director' successfully

2022-02-02 12:48:27 - [TEST_STEP][PASSED] - delay(5): Delayed 5 second(s)

2022-02-02 12:48:32 - [MESSAGE][PASSED] - Delayed 5 second(s)

2022-02-02 12:48:32 - [TEST_STEP][PASSED] - click(findTestObject("Object Repository/Universal Staging/a_Rewards")): Object: 'Object Repository/Universal Staging/a_Rewards' is clicked on

2022-02-02 12:48:32 - [MESSAGE][PASSED] - Object: 'Object Repository/Universal Staging/a_Rewards' is clicked on

2022-02-02 12:48:32 - [TEST_STEP][PASSED] - waitForPageLoad(2): Wait for page load successfully

2022-02-02 12:48:32 - [MESSAGE][PASSED] - Wait for page load successfully

2022-02-02 12:48:32 - [TEST_STEP][PASSED] - scrollToElement(findTestObject("Object Repository/Reward page/Page_Universal All-Access Rewards  Get Rewa_700d57/div_Show All"), 0, STOP_ON_FAILURE): Scroll to object 'Object Repository/Reward page/Page_Universal All-Access Rewards  Get Rewa_700d57/div_Show All' successfully

2022-02-02 12:48:32 - [MESSAGE][WARNING] - Timeout '0' is invalid. Using default page load timeout: '30'

2022-02-02 12:48:32 - [MESSAGE][PASSED] - Scroll to object 'Object Repository/Reward page/Page_Universal All-Access Rewards  Get Rewa_700d57/div_Show All' successfully

2022-02-02 12:48:32 - [TEST_STEP][PASSED] - click(findTestObject("Object Repository/Universal Staging/div_Show All")): Object: 'Object Repository/Universal Staging/div_Show All' is clicked on

2022-02-02 12:48:33 - [MESSAGE][PASSED] - Object: 'Object Repository/Universal Staging/div_Show All' is clicked on

2022-02-02 12:48:33 - [TEST_STEP][PASSED] - delay(2): Delayed 2 second(s)

2022-02-02 12:48:35 - [MESSAGE][PASSED] - Delayed 2 second(s)

2022-02-02 12:48:35 - [TEST_STEP][PASSED] - click(findTestObject("Object Repository/Universal Staging/span_Physical")): Object: 'Object Repository/Universal Staging/span_Physical' is clicked on

2022-02-02 12:48:36 - [MESSAGE][PASSED] - Object: 'Object Repository/Universal Staging/span_Physical' is clicked on

2022-02-02 12:48:36 - [TEST_STEP][PASSED] - if (verifyTextPresent(short_des, true, CONTINUE_ON_FAILURE)): Delayed 2 second(s)

2022-02-02 12:48:36 - [MESSAGE][PASSED] - Text 'Pitch Perfect 3' is present on page  using regular expression

2022-02-02 12:48:36 - [TEST_STEP][PASSED] - navigateToUrl(url + reward_cat + behavior_id): Navigate to 'https://universal.3tlstaging.com/reward-preview/8be1c7b396cf9d694babd31c3202f0bc-e16ffd26f782c90ebafdc4a6aa0674df' successfully

2022-02-02 12:48:42 - [MESSAGE][PASSED] - Navigate to 'https://universal.3tlstaging.com/reward-preview/8be1c7b396cf9d694babd31c3202f0bc-e16ffd26f782c90ebafdc4a6aa0674df' successfully

2022-02-02 12:48:42 - [TEST_STEP][PASSED] - result = getText(findTestObject("Object Repository/Universal Staging/Get movie name")): Text of object 'Object Repository/Universal Staging/Get movie name' is: 'Pitch Perfect 3'

2022-02-02 12:48:42 - [MESSAGE][PASSED] - Text of object 'Object Repository/Universal Staging/Get movie name' is: 'Pitch Perfect 3'

2022-02-02 12:48:42 - [TEST_STEP][PASSED] - out.println("Movie Name is" + result): null

2022-02-02 12:48:42 - [TEST_STEP][PASSED] - scrollToElement(findTestObject("Object Repository/Universal Staging/Redeem Now button"), 0, CONTINUE_ON_FAILURE): Scroll to object 'Object Repository/Universal Staging/Redeem Now button' successfully

2022-02-02 12:48:42 - [MESSAGE][WARNING] - Timeout '0' is invalid. Using default page load timeout: '30'

2022-02-02 12:48:43 - [MESSAGE][PASSED] - Scroll to object 'Object Repository/Universal Staging/Redeem Now button' successfully

2022-02-02 12:48:43 - [TEST_STEP][PASSED] - click(findTestObject("Object Repository/Universal Staging/Redeem Now button")): Object: 'Object Repository/Universal Staging/Redeem Now button' is clicked on

2022-02-02 12:48:43 - [MESSAGE][PASSED] - Object: 'Object Repository/Universal Staging/Redeem Now button' is clicked on

2022-02-02 12:48:43 - [TEST_STEP][PASSED] - delay(2): Delayed 2 second(s)

2022-02-02 12:48:45 - [MESSAGE][PASSED] - Delayed 2 second(s)

2022-02-02 12:48:45 - [TEST_STEP][PASSED] - out.println("Your testcase has been failed"): null

2022-02-02 12:48:45 - [TEST_STEP][PASSED] - closeBrowser(): Browser is closed

2022-02-02 12:48:45 - [MESSAGE][PASSED] - Browser is closed]]></system-out>
         <system-err><![CDATA[]]></system-err>
      </testcase>
      <system-out><![CDATA[2022-02-02 12:47:56 - [TEST_SUITE][PASSED] - Physical reward: Test Cases/Universal/Tc-2 Verify the Physical rewards on reward page]]></system-out>
      <system-err><![CDATA[]]></system-err>
   </testsuite>
   <testsuite name="Eligible movie" tests="1" failures="1" errors="0" time="35.981" skipped="0" timestamp="2022-02-02 12:49:12" hostname="knoldus - knoldus-Latitude-3520" id="Test Suites/Eligible Moviee/Eligible movie">
      <properties>
         <property name="deviceName" value=""/>
         <property name="devicePlatform" value=""/>
         <property name="logFolder" value="/home/knoldus/git/Universal-Auto/Reports/20220202_124732/Eligible Moviee/Eligible movie/20220202_124735"/>
         <property name="logFiles" value="/home/knoldus/git/Universal-Auto/Reports/20220202_124732/Eligible Moviee/Eligible movie/20220202_124735/execution0.log"/>
         <property name="attachments" value="/home/knoldus/git/Universal-Auto/Reports/20220202_124732/Eligible Moviee/Eligible movie/20220202_124735/1643786384715.png, /home/knoldus/git/Universal-Auto/Reports/20220202_124732/Eligible Moviee/Eligible movie/20220202_124735/1643786385041.png"/>
         <property name="hostName" value="knoldus - knoldus-Latitude-3520"/>
         <property name="os" value="Linux 64bit"/>
         <property name="katalonVersion" value="8.2.0.208"/>
         <property name="browser" value="Firefox 96.0"/>
         <property name="hostAddress" value="127.0.1.1"/>
         <property name="sessionId" value="20b88cf5-2b9a-4434-b115-3a96b92f3496"/>
         <property name="seleniumVersion" value="3.141.59"/>
         <property name="proxyInformation" value="ProxyInformation { proxyOption=NO_PROXY, proxyServerType=HTTP, username=, password=********, proxyServerAddress=, proxyServerPort=0, executionList=&quot;&quot;, isApplyToDesiredCapabilities=true }"/>
         <property name="platform" value="Linux"/>
      </properties>
      <testcase name="Test Cases/Universal/Tc-5 Verify the movies on Eligible page" time="35.799" classname="Test Cases/Universal/Tc-5 Verify the movies on Eligible page" status="FAILED">
         <failure type="FAILED" message="Test Cases/Universal/Tc-5 Verify the movies on Eligible page FAILED.
Reason:
com.kms.katalon.core.exception.StepFailedException: Unable to click on object 'Object Repository/eligible movie/Page_Universal All-Access Rewards  Get Rewa_700d57/a_Eligible Movies' (Root cause: com.kms.katalon.core.exception.StepFailedException: Unable to click on object 'Object Repository/eligible movie/Page_Universal All-Access Rewards  Get Rewa_700d57/a_Eligible Movies'
	at com.kms.katalon.core.webui.keyword.internal.WebUIKeywordMain.stepFailed(WebUIKeywordMain.groovy:64)
	at com.kms.katalon.core.webui.keyword.internal.WebUIKeywordMain.runKeyword(WebUIKeywordMain.groovy:26)
	at com.kms.katalon.core.webui.keyword.builtin.ClickKeyword.click(ClickKeyword.groovy:74)
	at com.kms.katalon.core.webui.keyword.builtin.ClickKeyword.execute(ClickKeyword.groovy:40)
	at com.kms.katalon.core.keyword.internal.KeywordExecutor.executeKeywordForPlatform(KeywordExecutor.groovy:74)
	at com.kms.katalon.core.webui.keyword.WebUiBuiltInKeywords.click(WebUiBuiltInKeywords.groovy:620)
	at com.kms.katalon.core.webui.keyword.WebUiBuiltInKeywords$click$4.call(Unknown Source)
	at Tc-5 Verify the movies on Eligible page.run(Tc-5 Verify the movies on Eligible page:25)
	at com.kms.katalon.core.main.ScriptEngine.run(ScriptEngine.java:194)
	at com.kms.katalon.core.main.ScriptEngine.runScriptAsRawText(ScriptEngine.java:119)
	at com.kms.katalon.core.main.TestCaseExecutor.runScript(TestCaseExecutor.java:442)
	at com.kms.katalon.core.main.TestCaseExecutor.doExecute(TestCaseExecutor.java:433)
	at com.kms.katalon.core.main.TestCaseExecutor.processExecutionPhase(TestCaseExecutor.java:412)
	at com.kms.katalon.core.main.TestCaseExecutor.accessMainPhase(TestCaseExecutor.java:404)
	at com.kms.katalon.core.main.TestCaseExecutor.execute(TestCaseExecutor.java:281)
	at com.kms.katalon.core.main.TestSuiteExecutor.accessTestCaseMainPhase(TestSuiteExecutor.java:202)
	at com.kms.katalon.core.main.TestSuiteExecutor.accessTestSuiteMainPhase(TestSuiteExecutor.java:164)
	at com.kms.katalon.core.main.TestSuiteExecutor.execute(TestSuiteExecutor.java:105)
	at com.kms.katalon.core.main.TestCaseMain.startTestSuite(TestCaseMain.java:181)
	at com.kms.katalon.core.main.TestCaseMain$startTestSuite$0.call(Unknown Source)
	at TempTestSuite1643786255584.run(TempTestSuite1643786255584.groovy:36)
Caused by: org.openqa.selenium.ElementNotInteractableException: Element &lt;a class=&quot;ng-star-inserted&quot; href=&quot;/eligible-movies&quot;> could not be scrolled into view
Build info: version: '3.141.59', revision: 'e82be7d358', time: '2018-11-14T08:25:53'
System info: host: 'knoldus-Latitude-3520', ip: '127.0.1.1', os.name: 'Linux', os.arch: 'amd64', os.version: '5.13.0-27-generic', java.version: '1.8.0_312'
Driver info: com.kms.katalon.core.webui.driver.firefox.CGeckoDriver
Capabilities {acceptInsecureCerts: true, browserName: firefox, browserVersion: 96.0, javascriptEnabled: true, moz:accessibilityChecks: false, moz:buildID: 20220106144528, moz:geckodriverVersion: 0.30.0, moz:headless: true, moz:processID: 30138, moz:profile: /tmp/rust_mozprofilet4K6yR, moz:shutdownTimeout: 60000, moz:useNonSpecCompliantPointerOrigin: false, moz:webdriverClick: true, pageLoadStrategy: normal, platform: LINUX, platformName: LINUX, platformVersion: 5.13.0-27-generic, proxy: Proxy(direct), setWindowRect: true, strictFileInteractability: false, timeouts: {implicit: 0, pageLoad: 300000, script: 30000}, unhandledPromptBehavior: dismiss and notify}
Session ID: 20b88cf5-2b9a-4434-b115-3a96b92f3496
	at org.openqa.selenium.remote.http.W3CHttpResponseCodec.createException(W3CHttpResponseCodec.java:187)
	at org.openqa.selenium.remote.http.W3CHttpResponseCodec.decode(W3CHttpResponseCodec.java:122)
	at org.openqa.selenium.remote.http.W3CHttpResponseCodec.decode(W3CHttpResponseCodec.java:49)
	at org.openqa.selenium.remote.HttpCommandExecutor.execute(HttpCommandExecutor.java:158)
	at org.openqa.selenium.remote.service.DriverCommandExecutor.execute(DriverCommandExecutor.java:83)
	at org.openqa.selenium.remote.RemoteWebDriver.execute(RemoteWebDriver.java:552)
	at com.kms.katalon.selenium.driver.CFirefoxDriver.execute(CFirefoxDriver.java:27)
	at org.openqa.selenium.remote.RemoteWebElement.execute(RemoteWebElement.java:285)
	at org.openqa.selenium.remote.RemoteWebElement.click(RemoteWebElement.java:84)
	at org.openqa.selenium.support.events.EventFiringWebDriver$EventFiringWebElement.lambda$new$0(EventFiringWebDriver.java:404)
	at com.sun.proxy.$Proxy11.click(Unknown Source)
	at org.openqa.selenium.support.events.EventFiringWebDriver$EventFiringWebElement.click(EventFiringWebDriver.java:417)
	at org.openqa.selenium.WebElement$click.call(Unknown Source)
	at com.kms.katalon.core.webui.keyword.builtin.ClickKeyword.clickUntilSuccessWithTimeout(ClickKeyword.groovy:81)
	at com.kms.katalon.core.webui.keyword.builtin.ClickKeyword.clickUntilSuccessWithTimeout(ClickKeyword.groovy)
	at com.kms.katalon.core.webui.keyword.builtin.ClickKeyword$_click_closure1.doCall(ClickKeyword.groovy:67)
	at com.kms.katalon.core.webui.keyword.builtin.ClickKeyword$_click_closure1.call(ClickKeyword.groovy)
	at com.kms.katalon.core.webui.keyword.internal.WebUIKeywordMain.runKeyword(WebUIKeywordMain.groovy:20)
	at com.kms.katalon.core.webui.keyword.builtin.ClickKeyword.click(ClickKeyword.groovy:74)
	at com.kms.katalon.core.webui.keyword.builtin.ClickKeyword.execute(ClickKeyword.groovy:40)
	at com.kms.katalon.core.keyword.internal.KeywordExecutor.executeKeywordForPlatform(KeywordExecutor.groovy:74)
	at com.kms.katalon.core.webui.keyword.WebUiBuiltInKeywords.click(WebUiBuiltInKeywords.groovy:620)
	at com.kms.katalon.core.webui.keyword.WebUiBuiltInKeywords$click$4.call(Unknown Source)
	at Script1642489889860.run(Script1642489889860.groovy:25)
	... 13 more
)
	at com.kms.katalon.core.keyword.internal.KeywordMain.stepFailed(KeywordMain.groovy:39)
	at com.kms.katalon.core.webui.keyword.internal.WebUIKeywordMain.stepFailed(WebUIKeywordMain.groovy:64)
	at com.kms.katalon.core.webui.keyword.internal.WebUIKeywordMain.runKeyword(WebUIKeywordMain.groovy:26)
	at com.kms.katalon.core.webui.keyword.builtin.ClickKeyword.click(ClickKeyword.groovy:74)
	at com.kms.katalon.core.webui.keyword.builtin.ClickKeyword.execute(ClickKeyword.groovy:40)
	at com.kms.katalon.core.keyword.internal.KeywordExecutor.executeKeywordForPlatform(KeywordExecutor.groovy:74)
	at com.kms.katalon.core.webui.keyword.WebUiBuiltInKeywords.click(WebUiBuiltInKeywords.groovy:620)
	at com.kms.katalon.core.webui.keyword.WebUiBuiltInKeywords$click$4.call(Unknown Source)
	at Tc-5 Verify the movies on Eligible page.run(Tc-5 Verify the movies on Eligible page:25)
	at com.kms.katalon.core.main.ScriptEngine.run(ScriptEngine.java:194)
	at com.kms.katalon.core.main.ScriptEngine.runScriptAsRawText(ScriptEngine.java:119)
	at com.kms.katalon.core.main.TestCaseExecutor.runScript(TestCaseExecutor.java:442)
	at com.kms.katalon.core.main.TestCaseExecutor.doExecute(TestCaseExecutor.java:433)
	at com.kms.katalon.core.main.TestCaseExecutor.processExecutionPhase(TestCaseExecutor.java:412)
	at com.kms.katalon.core.main.TestCaseExecutor.accessMainPhase(TestCaseExecutor.java:404)
	at com.kms.katalon.core.main.TestCaseExecutor.execute(TestCaseExecutor.java:281)
	at com.kms.katalon.core.main.TestSuiteExecutor.accessTestCaseMainPhase(TestSuiteExecutor.java:202)
	at com.kms.katalon.core.main.TestSuiteExecutor.accessTestSuiteMainPhase(TestSuiteExecutor.java:164)
	at com.kms.katalon.core.main.TestSuiteExecutor.execute(TestSuiteExecutor.java:105)
	at com.kms.katalon.core.main.TestCaseMain.startTestSuite(TestCaseMain.java:181)
	at com.kms.katalon.core.main.TestCaseMain$startTestSuite$0.call(Unknown Source)
	at TempTestSuite1643786255584.run(TempTestSuite1643786255584.groovy:36)
Caused by: com.kms.katalon.core.exception.StepFailedException: Unable to click on object 'Object Repository/eligible movie/Page_Universal All-Access Rewards  Get Rewa_700d57/a_Eligible Movies'
	... 21 more
Caused by: org.openqa.selenium.ElementNotInteractableException: Element &lt;a class=&quot;ng-star-inserted&quot; href=&quot;/eligible-movies&quot;> could not be scrolled into view
Build info: version: '3.141.59', revision: 'e82be7d358', time: '2018-11-14T08:25:53'
System info: host: 'knoldus-Latitude-3520', ip: '127.0.1.1', os.name: 'Linux', os.arch: 'amd64', os.version: '5.13.0-27-generic', java.version: '1.8.0_312'
Driver info: com.kms.katalon.core.webui.driver.firefox.CGeckoDriver
Capabilities {acceptInsecureCerts: true, browserName: firefox, browserVersion: 96.0, javascriptEnabled: true, moz:accessibilityChecks: false, moz:buildID: 20220106144528, moz:geckodriverVersion: 0.30.0, moz:headless: true, moz:processID: 30138, moz:profile: /tmp/rust_mozprofilet4K6yR, moz:shutdownTimeout: 60000, moz:useNonSpecCompliantPointerOrigin: false, moz:webdriverClick: true, pageLoadStrategy: normal, platform: LINUX, platformName: LINUX, platformVersion: 5.13.0-27-generic, proxy: Proxy(direct), setWindowRect: true, strictFileInteractability: false, timeouts: {implicit: 0, pageLoad: 300000, script: 30000}, unhandledPromptBehavior: dismiss and notify}
Session ID: 20b88cf5-2b9a-4434-b115-3a96b92f3496
	at org.openqa.selenium.remote.http.W3CHttpResponseCodec.createException(W3CHttpResponseCodec.java:187)
	at org.openqa.selenium.remote.http.W3CHttpResponseCodec.decode(W3CHttpResponseCodec.java:122)
	at org.openqa.selenium.remote.http.W3CHttpResponseCodec.decode(W3CHttpResponseCodec.java:49)
	at org.openqa.selenium.remote.HttpCommandExecutor.execute(HttpCommandExecutor.java:158)
	at org.openqa.selenium.remote.service.DriverCommandExecutor.execute(DriverCommandExecutor.java:83)
	at org.openqa.selenium.remote.RemoteWebDriver.execute(RemoteWebDriver.java:552)
	at com.kms.katalon.selenium.driver.CFirefoxDriver.execute(CFirefoxDriver.java:27)
	at org.openqa.selenium.remote.RemoteWebElement.execute(RemoteWebElement.java:285)
	at org.openqa.selenium.remote.RemoteWebElement.click(RemoteWebElement.java:84)
	at org.openqa.selenium.support.events.EventFiringWebDriver$EventFiringWebElement.lambda$new$0(EventFiringWebDriver.java:404)
	at com.sun.proxy.$Proxy11.click(Unknown Source)
	at org.openqa.selenium.support.events.EventFiringWebDriver$EventFiringWebElement.click(EventFiringWebDriver.java:417)
	at org.openqa.selenium.WebElement$click.call(Unknown Source)
	at com.kms.katalon.core.webui.keyword.builtin.ClickKeyword.clickUntilSuccessWithTimeout(ClickKeyword.groovy:81)
	at com.kms.katalon.core.webui.keyword.builtin.ClickKeyword.clickUntilSuccessWithTimeout(ClickKeyword.groovy)
	at com.kms.katalon.core.webui.keyword.builtin.ClickKeyword$_click_closure1.doCall(ClickKeyword.groovy:67)
	at com.kms.katalon.core.webui.keyword.builtin.ClickKeyword$_click_closure1.call(ClickKeyword.groovy)
	at com.kms.katalon.core.webui.keyword.internal.WebUIKeywordMain.runKeyword(WebUIKeywordMain.groovy:20)
	... 19 more
"/>
         <system-out><![CDATA[2022-02-02 12:49:12 - [TEST_CASE][FAILED] - Test Cases/Universal/Tc-5 Verify the movies on Eligible page: Test Cases/Universal/Tc-5 Verify the movies on Eligible page FAILED.
Reason:
com.kms.katalon.core.exception.StepFailedException: Unable to click on object 'Object Repository/eligible movie/Page_Universal All-Access Rewards  Get Rewa_700d57/a_Eligible Movies' (Root cause: com.kms.katalon.core.exception.StepFailedException: Unable to click on object 'Object Repository/eligible movie/Page_Universal All-Access Rewards  Get Rewa_700d57/a_Eligible Movies'
	at com.kms.katalon.core.webui.keyword.internal.WebUIKeywordMain.stepFailed(WebUIKeywordMain.groovy:64)
	at com.kms.katalon.core.webui.keyword.internal.WebUIKeywordMain.runKeyword(WebUIKeywordMain.groovy:26)
	at com.kms.katalon.core.webui.keyword.builtin.ClickKeyword.click(ClickKeyword.groovy:74)
	at com.kms.katalon.core.webui.keyword.builtin.ClickKeyword.execute(ClickKeyword.groovy:40)
	at com.kms.katalon.core.keyword.internal.KeywordExecutor.executeKeywordForPlatform(KeywordExecutor.groovy:74)
	at com.kms.katalon.core.webui.keyword.WebUiBuiltInKeywords.click(WebUiBuiltInKeywords.groovy:620)
	at com.kms.katalon.core.webui.keyword.WebUiBuiltInKeywords$click$4.call(Unknown Source)
	at Tc-5 Verify the movies on Eligible page.run(Tc-5 Verify the movies on Eligible page:25)
	at com.kms.katalon.core.main.ScriptEngine.run(ScriptEngine.java:194)
	at com.kms.katalon.core.main.ScriptEngine.runScriptAsRawText(ScriptEngine.java:119)
	at com.kms.katalon.core.main.TestCaseExecutor.runScript(TestCaseExecutor.java:442)
	at com.kms.katalon.core.main.TestCaseExecutor.doExecute(TestCaseExecutor.java:433)
	at com.kms.katalon.core.main.TestCaseExecutor.processExecutionPhase(TestCaseExecutor.java:412)
	at com.kms.katalon.core.main.TestCaseExecutor.accessMainPhase(TestCaseExecutor.java:404)
	at com.kms.katalon.core.main.TestCaseExecutor.execute(TestCaseExecutor.java:281)
	at com.kms.katalon.core.main.TestSuiteExecutor.accessTestCaseMainPhase(TestSuiteExecutor.java:202)
	at com.kms.katalon.core.main.TestSuiteExecutor.accessTestSuiteMainPhase(TestSuiteExecutor.java:164)
	at com.kms.katalon.core.main.TestSuiteExecutor.execute(TestSuiteExecutor.java:105)
	at com.kms.katalon.core.main.TestCaseMain.startTestSuite(TestCaseMain.java:181)
	at com.kms.katalon.core.main.TestCaseMain$startTestSuite$0.call(Unknown Source)
	at TempTestSuite1643786255584.run(TempTestSuite1643786255584.groovy:36)
Caused by: org.openqa.selenium.ElementNotInteractableException: Element <a class="ng-star-inserted" href="/eligible-movies"> could not be scrolled into view
Build info: version: '3.141.59', revision: 'e82be7d358', time: '2018-11-14T08:25:53'
System info: host: 'knoldus-Latitude-3520', ip: '127.0.1.1', os.name: 'Linux', os.arch: 'amd64', os.version: '5.13.0-27-generic', java.version: '1.8.0_312'
Driver info: com.kms.katalon.core.webui.driver.firefox.CGeckoDriver
Capabilities {acceptInsecureCerts: true, browserName: firefox, browserVersion: 96.0, javascriptEnabled: true, moz:accessibilityChecks: false, moz:buildID: 20220106144528, moz:geckodriverVersion: 0.30.0, moz:headless: true, moz:processID: 30138, moz:profile: /tmp/rust_mozprofilet4K6yR, moz:shutdownTimeout: 60000, moz:useNonSpecCompliantPointerOrigin: false, moz:webdriverClick: true, pageLoadStrategy: normal, platform: LINUX, platformName: LINUX, platformVersion: 5.13.0-27-generic, proxy: Proxy(direct), setWindowRect: true, strictFileInteractability: false, timeouts: {implicit: 0, pageLoad: 300000, script: 30000}, unhandledPromptBehavior: dismiss and notify}
Session ID: 20b88cf5-2b9a-4434-b115-3a96b92f3496
	at org.openqa.selenium.remote.http.W3CHttpResponseCodec.createException(W3CHttpResponseCodec.java:187)
	at org.openqa.selenium.remote.http.W3CHttpResponseCodec.decode(W3CHttpResponseCodec.java:122)
	at org.openqa.selenium.remote.http.W3CHttpResponseCodec.decode(W3CHttpResponseCodec.java:49)
	at org.openqa.selenium.remote.HttpCommandExecutor.execute(HttpCommandExecutor.java:158)
	at org.openqa.selenium.remote.service.DriverCommandExecutor.execute(DriverCommandExecutor.java:83)
	at org.openqa.selenium.remote.RemoteWebDriver.execute(RemoteWebDriver.java:552)
	at com.kms.katalon.selenium.driver.CFirefoxDriver.execute(CFirefoxDriver.java:27)
	at org.openqa.selenium.remote.RemoteWebElement.execute(RemoteWebElement.java:285)
	at org.openqa.selenium.remote.RemoteWebElement.click(RemoteWebElement.java:84)
	at org.openqa.selenium.support.events.EventFiringWebDriver$EventFiringWebElement.lambda$new$0(EventFiringWebDriver.java:404)
	at com.sun.proxy.$Proxy11.click(Unknown Source)
	at org.openqa.selenium.support.events.EventFiringWebDriver$EventFiringWebElement.click(EventFiringWebDriver.java:417)
	at org.openqa.selenium.WebElement$click.call(Unknown Source)
	at com.kms.katalon.core.webui.keyword.builtin.ClickKeyword.clickUntilSuccessWithTimeout(ClickKeyword.groovy:81)
	at com.kms.katalon.core.webui.keyword.builtin.ClickKeyword.clickUntilSuccessWithTimeout(ClickKeyword.groovy)
	at com.kms.katalon.core.webui.keyword.builtin.ClickKeyword$_click_closure1.doCall(ClickKeyword.groovy:67)
	at com.kms.katalon.core.webui.keyword.builtin.ClickKeyword$_click_closure1.call(ClickKeyword.groovy)
	at com.kms.katalon.core.webui.keyword.internal.WebUIKeywordMain.runKeyword(WebUIKeywordMain.groovy:20)
	at com.kms.katalon.core.webui.keyword.builtin.ClickKeyword.click(ClickKeyword.groovy:74)
	at com.kms.katalon.core.webui.keyword.builtin.ClickKeyword.execute(ClickKeyword.groovy:40)
	at com.kms.katalon.core.keyword.internal.KeywordExecutor.executeKeywordForPlatform(KeywordExecutor.groovy:74)
	at com.kms.katalon.core.webui.keyword.WebUiBuiltInKeywords.click(WebUiBuiltInKeywords.groovy:620)
	at com.kms.katalon.core.webui.keyword.WebUiBuiltInKeywords$click$4.call(Unknown Source)
	at Script1642489889860.run(Script1642489889860.groovy:25)
	... 13 more
)
	at com.kms.katalon.core.keyword.internal.KeywordMain.stepFailed(KeywordMain.groovy:39)
	at com.kms.katalon.core.webui.keyword.internal.WebUIKeywordMain.stepFailed(WebUIKeywordMain.groovy:64)
	at com.kms.katalon.core.webui.keyword.internal.WebUIKeywordMain.runKeyword(WebUIKeywordMain.groovy:26)
	at com.kms.katalon.core.webui.keyword.builtin.ClickKeyword.click(ClickKeyword.groovy:74)
	at com.kms.katalon.core.webui.keyword.builtin.ClickKeyword.execute(ClickKeyword.groovy:40)
	at com.kms.katalon.core.keyword.internal.KeywordExecutor.executeKeywordForPlatform(KeywordExecutor.groovy:74)
	at com.kms.katalon.core.webui.keyword.WebUiBuiltInKeywords.click(WebUiBuiltInKeywords.groovy:620)
	at com.kms.katalon.core.webui.keyword.WebUiBuiltInKeywords$click$4.call(Unknown Source)
	at Tc-5 Verify the movies on Eligible page.run(Tc-5 Verify the movies on Eligible page:25)
	at com.kms.katalon.core.main.ScriptEngine.run(ScriptEngine.java:194)
	at com.kms.katalon.core.main.ScriptEngine.runScriptAsRawText(ScriptEngine.java:119)
	at com.kms.katalon.core.main.TestCaseExecutor.runScript(TestCaseExecutor.java:442)
	at com.kms.katalon.core.main.TestCaseExecutor.doExecute(TestCaseExecutor.java:433)
	at com.kms.katalon.core.main.TestCaseExecutor.processExecutionPhase(TestCaseExecutor.java:412)
	at com.kms.katalon.core.main.TestCaseExecutor.accessMainPhase(TestCaseExecutor.java:404)
	at com.kms.katalon.core.main.TestCaseExecutor.execute(TestCaseExecutor.java:281)
	at com.kms.katalon.core.main.TestSuiteExecutor.accessTestCaseMainPhase(TestSuiteExecutor.java:202)
	at com.kms.katalon.core.main.TestSuiteExecutor.accessTestSuiteMainPhase(TestSuiteExecutor.java:164)
	at com.kms.katalon.core.main.TestSuiteExecutor.execute(TestSuiteExecutor.java:105)
	at com.kms.katalon.core.main.TestCaseMain.startTestSuite(TestCaseMain.java:181)
	at com.kms.katalon.core.main.TestCaseMain$startTestSuite$0.call(Unknown Source)
	at TempTestSuite1643786255584.run(TempTestSuite1643786255584.groovy:36)
Caused by: com.kms.katalon.core.exception.StepFailedException: Unable to click on object 'Object Repository/eligible movie/Page_Universal All-Access Rewards  Get Rewa_700d57/a_Eligible Movies'
	... 21 more
Caused by: org.openqa.selenium.ElementNotInteractableException: Element <a class="ng-star-inserted" href="/eligible-movies"> could not be scrolled into view
Build info: version: '3.141.59', revision: 'e82be7d358', time: '2018-11-14T08:25:53'
System info: host: 'knoldus-Latitude-3520', ip: '127.0.1.1', os.name: 'Linux', os.arch: 'amd64', os.version: '5.13.0-27-generic', java.version: '1.8.0_312'
Driver info: com.kms.katalon.core.webui.driver.firefox.CGeckoDriver
Capabilities {acceptInsecureCerts: true, browserName: firefox, browserVersion: 96.0, javascriptEnabled: true, moz:accessibilityChecks: false, moz:buildID: 20220106144528, moz:geckodriverVersion: 0.30.0, moz:headless: true, moz:processID: 30138, moz:profile: /tmp/rust_mozprofilet4K6yR, moz:shutdownTimeout: 60000, moz:useNonSpecCompliantPointerOrigin: false, moz:webdriverClick: true, pageLoadStrategy: normal, platform: LINUX, platformName: LINUX, platformVersion: 5.13.0-27-generic, proxy: Proxy(direct), setWindowRect: true, strictFileInteractability: false, timeouts: {implicit: 0, pageLoad: 300000, script: 30000}, unhandledPromptBehavior: dismiss and notify}
Session ID: 20b88cf5-2b9a-4434-b115-3a96b92f3496
	at org.openqa.selenium.remote.http.W3CHttpResponseCodec.createException(W3CHttpResponseCodec.java:187)
	at org.openqa.selenium.remote.http.W3CHttpResponseCodec.decode(W3CHttpResponseCodec.java:122)
	at org.openqa.selenium.remote.http.W3CHttpResponseCodec.decode(W3CHttpResponseCodec.java:49)
	at org.openqa.selenium.remote.HttpCommandExecutor.execute(HttpCommandExecutor.java:158)
	at org.openqa.selenium.remote.service.DriverCommandExecutor.execute(DriverCommandExecutor.java:83)
	at org.openqa.selenium.remote.RemoteWebDriver.execute(RemoteWebDriver.java:552)
	at com.kms.katalon.selenium.driver.CFirefoxDriver.execute(CFirefoxDriver.java:27)
	at org.openqa.selenium.remote.RemoteWebElement.execute(RemoteWebElement.java:285)
	at org.openqa.selenium.remote.RemoteWebElement.click(RemoteWebElement.java:84)
	at org.openqa.selenium.support.events.EventFiringWebDriver$EventFiringWebElement.lambda$new$0(EventFiringWebDriver.java:404)
	at com.sun.proxy.$Proxy11.click(Unknown Source)
	at org.openqa.selenium.support.events.EventFiringWebDriver$EventFiringWebElement.click(EventFiringWebDriver.java:417)
	at org.openqa.selenium.WebElement$click.call(Unknown Source)
	at com.kms.katalon.core.webui.keyword.builtin.ClickKeyword.clickUntilSuccessWithTimeout(ClickKeyword.groovy:81)
	at com.kms.katalon.core.webui.keyword.builtin.ClickKeyword.clickUntilSuccessWithTimeout(ClickKeyword.groovy)
	at com.kms.katalon.core.webui.keyword.builtin.ClickKeyword$_click_closure1.doCall(ClickKeyword.groovy:67)
	at com.kms.katalon.core.webui.keyword.builtin.ClickKeyword$_click_closure1.call(ClickKeyword.groovy)
	at com.kms.katalon.core.webui.keyword.internal.WebUIKeywordMain.runKeyword(WebUIKeywordMain.groovy:20)
	... 19 more


2022-02-02 12:49:12 - [TEST_STEP][PASSED] - callTestCase(findTestCase("Universal/Login/TC-2 Login with Screenwriter"), ["Email":"ankit248@yopmail.com", "Pswrd":"3TL@testing"], STOP_ON_FAILURE): Call Test Case 'Test Cases/Universal/Login/TC-2 Login with Screenwriter' successfully

2022-02-02 12:49:12 - [TEST_CASE][PASSED] - Test Cases/Universal/Login/TC-2 Login with Screenwriter: Test Cases/Universal/Login/TC-2 Login with Screenwriter

2022-02-02 12:49:12 - [TEST_STEP][PASSED] - openBrowser(""): Browser is opened with url: ''

2022-02-02 12:49:13 - [MESSAGE][INFO] - Starting 'Firefox (headless)' driver

2022-02-02 12:49:13 - [MESSAGE][INFO] - Action delay is set to 0 milliseconds

2022-02-02 12:49:14 - [MESSAGE][PASSED] - Browser is opened with url: ''

2022-02-02 12:49:14 - [TEST_STEP][PASSED] - setViewPortSize(1920, 1080): Viewport is set to new size with width = 1920 and height = 1080

2022-02-02 12:49:14 - [MESSAGE][PASSED] - Viewport is set to new size with width = 1920 and height = 1080

2022-02-02 12:49:14 - [TEST_STEP][PASSED] - navigateToUrl(url): Navigate to 'https://universal.3tlstaging.com/home' successfully

2022-02-02 12:49:36 - [MESSAGE][PASSED] - Navigate to 'https://universal.3tlstaging.com/home' successfully

2022-02-02 12:49:36 - [TEST_STEP][PASSED] - delay(5): Delayed 5 second(s)

2022-02-02 12:49:41 - [MESSAGE][PASSED] - Delayed 5 second(s)

2022-02-02 12:49:41 - [TEST_STEP][PASSED] - maximizeWindow(): Current window maximized

2022-02-02 12:49:41 - [MESSAGE][PASSED] - Current window maximized

2022-02-02 12:49:41 - [TEST_STEP][PASSED] - if (verifyTextPresent("REGISTER / LOGIN", true, STOP_ON_FAILURE)): Taking screenshot successfully

2022-02-02 12:49:41 - [MESSAGE][PASSED] - Text 'REGISTER / LOGIN' is present on page  using regular expression

2022-02-02 12:49:41 - [TEST_STEP][PASSED] - click(findTestObject("Universal Staging/a_Register  Login")): Object: 'Object Repository/Universal Staging/a_Register  Login' is clicked on

2022-02-02 12:49:42 - [MESSAGE][PASSED] - Object: 'Object Repository/Universal Staging/a_Register  Login' is clicked on

2022-02-02 12:49:42 - [TEST_STEP][PASSED] - setText(findTestObject("Universal Staging/input_USERNAME OR EMAIL_mat-input-0"), Email): Text 'ankit248@yopmail.com' is set on object 'Object Repository/Universal Staging/input_USERNAME OR EMAIL_mat-input-0'

2022-02-02 12:49:42 - [MESSAGE][PASSED] - Text 'ankit248@yopmail.com' is set on object 'Object Repository/Universal Staging/input_USERNAME OR EMAIL_mat-input-0'

2022-02-02 12:49:42 - [TEST_STEP][PASSED] - setText(findTestObject("Universal Staging/input_PASSWORD_mat-input-1"), Pswrd): Text '3TL@testing' is set on object 'Object Repository/Universal Staging/input_PASSWORD_mat-input-1'

2022-02-02 12:49:42 - [MESSAGE][PASSED] - Text '3TL@testing' is set on object 'Object Repository/Universal Staging/input_PASSWORD_mat-input-1'

2022-02-02 12:49:42 - [TEST_STEP][PASSED] - click(findTestObject("Universal Staging/button_Login")): Object: 'Object Repository/Universal Staging/button_Login' is clicked on

2022-02-02 12:49:42 - [MESSAGE][PASSED] - Object: 'Object Repository/Universal Staging/button_Login' is clicked on

2022-02-02 12:49:42 - [TEST_STEP][PASSED] - delay(2): Delayed 2 second(s)

2022-02-02 12:49:44 - [MESSAGE][PASSED] - Delayed 2 second(s)

2022-02-02 12:49:44 - [TEST_STEP][PASSED] - User_name = getText(findTestObject("Object Repository/Universal Staging/Tier Name")): Text of object 'Object Repository/Universal Staging/Tier Name' is: 'Ankit Kumar'

2022-02-02 12:49:44 - [MESSAGE][PASSED] - Text of object 'Object Repository/Universal Staging/Tier Name' is: 'Ankit Kumar'

2022-02-02 12:49:44 - [TEST_STEP][PASSED] - Tier_name = getText(findTestObject("Object Repository/Universal Staging/Tier Namee"), CONTINUE_ON_FAILURE): Text of object 'Object Repository/Universal Staging/Tier Namee' is: 'SCREENWRITER'

2022-02-02 12:49:44 - [MESSAGE][PASSED] - Text of object 'Object Repository/Universal Staging/Tier Namee' is: 'SCREENWRITER'

2022-02-02 12:49:44 - [TEST_STEP][PASSED] - out.println("Welcome " + User_name): null

2022-02-02 12:49:44 - [TEST_STEP][PASSED] - out.println("you are in " + Tier_name): null

2022-02-02 12:49:44 - [TEST_STEP][PASSED] - takeScreenshot(): Taking screenshot successfully

2022-02-02 12:49:44 - [MESSAGE][PASSED] - Taking screenshot successfully
[[ATTACHMENT|/home/knoldus/git/Universal-Auto/Reports/20220202_124732/Eligible Moviee/Eligible movie/20220202_124735/1643786384715.png]]

2022-02-02 12:49:44 - [MESSAGE][PASSED] - Call Test Case 'Test Cases/Universal/Login/TC-2 Login with Screenwriter' successfully

2022-02-02 12:49:44 - [TEST_STEP][PASSED] - mouseOver(findTestObject("Object Repository/eligible movie/Page_Universal All-Access Rewards  Get Rewa_700d57/a_Validate Purchase")): Object: 'Object Repository/eligible movie/Page_Universal All-Access Rewards  Get Rewa_700d57/a_Validate Purchase' is hovered

2022-02-02 12:49:45 - [MESSAGE][PASSED] - Object: 'Object Repository/eligible movie/Page_Universal All-Access Rewards  Get Rewa_700d57/a_Validate Purchase' is hovered

2022-02-02 12:49:45 - [TEST_STEP][FAILED] - click(findTestObject("Object Repository/eligible movie/Page_Universal All-Access Rewards  Get Rewa_700d57/a_Eligible Movies")): Unable to click on object 'Object Repository/eligible movie/Page_Universal All-Access Rewards  Get Rewa_700d57/a_Eligible Movies' (Root cause: com.kms.katalon.core.exception.StepFailedException: Unable to click on object 'Object Repository/eligible movie/Page_Universal All-Access Rewards  Get Rewa_700d57/a_Eligible Movies'
	at com.kms.katalon.core.webui.keyword.internal.WebUIKeywordMain.stepFailed(WebUIKeywordMain.groovy:64)
	at com.kms.katalon.core.webui.keyword.internal.WebUIKeywordMain.runKeyword(WebUIKeywordMain.groovy:26)
	at com.kms.katalon.core.webui.keyword.builtin.ClickKeyword.click(ClickKeyword.groovy:74)
	at com.kms.katalon.core.webui.keyword.builtin.ClickKeyword.execute(ClickKeyword.groovy:40)
	at com.kms.katalon.core.keyword.internal.KeywordExecutor.executeKeywordForPlatform(KeywordExecutor.groovy:74)
	at com.kms.katalon.core.webui.keyword.WebUiBuiltInKeywords.click(WebUiBuiltInKeywords.groovy:620)
	at com.kms.katalon.core.webui.keyword.WebUiBuiltInKeywords$click$4.call(Unknown Source)
	at Tc-5 Verify the movies on Eligible page.run(Tc-5 Verify the movies on Eligible page:25)
	at com.kms.katalon.core.main.ScriptEngine.run(ScriptEngine.java:194)
	at com.kms.katalon.core.main.ScriptEngine.runScriptAsRawText(ScriptEngine.java:119)
	at com.kms.katalon.core.main.TestCaseExecutor.runScript(TestCaseExecutor.java:442)
	at com.kms.katalon.core.main.TestCaseExecutor.doExecute(TestCaseExecutor.java:433)
	at com.kms.katalon.core.main.TestCaseExecutor.processExecutionPhase(TestCaseExecutor.java:412)
	at com.kms.katalon.core.main.TestCaseExecutor.accessMainPhase(TestCaseExecutor.java:404)
	at com.kms.katalon.core.main.TestCaseExecutor.execute(TestCaseExecutor.java:281)
	at com.kms.katalon.core.main.TestSuiteExecutor.accessTestCaseMainPhase(TestSuiteExecutor.java:202)
	at com.kms.katalon.core.main.TestSuiteExecutor.accessTestSuiteMainPhase(TestSuiteExecutor.java:164)
	at com.kms.katalon.core.main.TestSuiteExecutor.execute(TestSuiteExecutor.java:105)
	at com.kms.katalon.core.main.TestCaseMain.startTestSuite(TestCaseMain.java:181)
	at com.kms.katalon.core.main.TestCaseMain$startTestSuite$0.call(Unknown Source)
	at TempTestSuite1643786255584.run(TempTestSuite1643786255584.groovy:36)
Caused by: org.openqa.selenium.ElementNotInteractableException: Element <a class="ng-star-inserted" href="/eligible-movies"> could not be scrolled into view
Build info: version: '3.141.59', revision: 'e82be7d358', time: '2018-11-14T08:25:53'
System info: host: 'knoldus-Latitude-3520', ip: '127.0.1.1', os.name: 'Linux', os.arch: 'amd64', os.version: '5.13.0-27-generic', java.version: '1.8.0_312'
Driver info: com.kms.katalon.core.webui.driver.firefox.CGeckoDriver
Capabilities {acceptInsecureCerts: true, browserName: firefox, browserVersion: 96.0, javascriptEnabled: true, moz:accessibilityChecks: false, moz:buildID: 20220106144528, moz:geckodriverVersion: 0.30.0, moz:headless: true, moz:processID: 30138, moz:profile: /tmp/rust_mozprofilet4K6yR, moz:shutdownTimeout: 60000, moz:useNonSpecCompliantPointerOrigin: false, moz:webdriverClick: true, pageLoadStrategy: normal, platform: LINUX, platformName: LINUX, platformVersion: 5.13.0-27-generic, proxy: Proxy(direct), setWindowRect: true, strictFileInteractability: false, timeouts: {implicit: 0, pageLoad: 300000, script: 30000}, unhandledPromptBehavior: dismiss and notify}
Session ID: 20b88cf5-2b9a-4434-b115-3a96b92f3496
	at org.openqa.selenium.remote.http.W3CHttpResponseCodec.createException(W3CHttpResponseCodec.java:187)
	at org.openqa.selenium.remote.http.W3CHttpResponseCodec.decode(W3CHttpResponseCodec.java:122)
	at org.openqa.selenium.remote.http.W3CHttpResponseCodec.decode(W3CHttpResponseCodec.java:49)
	at org.openqa.selenium.remote.HttpCommandExecutor.execute(HttpCommandExecutor.java:158)
	at org.openqa.selenium.remote.service.DriverCommandExecutor.execute(DriverCommandExecutor.java:83)
	at org.openqa.selenium.remote.RemoteWebDriver.execute(RemoteWebDriver.java:552)
	at com.kms.katalon.selenium.driver.CFirefoxDriver.execute(CFirefoxDriver.java:27)
	at org.openqa.selenium.remote.RemoteWebElement.execute(RemoteWebElement.java:285)
	at org.openqa.selenium.remote.RemoteWebElement.click(RemoteWebElement.java:84)
	at org.openqa.selenium.support.events.EventFiringWebDriver$EventFiringWebElement.lambda$new$0(EventFiringWebDriver.java:404)
	at com.sun.proxy.$Proxy11.click(Unknown Source)
	at org.openqa.selenium.support.events.EventFiringWebDriver$EventFiringWebElement.click(EventFiringWebDriver.java:417)
	at org.openqa.selenium.WebElement$click.call(Unknown Source)
	at com.kms.katalon.core.webui.keyword.builtin.ClickKeyword.clickUntilSuccessWithTimeout(ClickKeyword.groovy:81)
	at com.kms.katalon.core.webui.keyword.builtin.ClickKeyword.clickUntilSuccessWithTimeout(ClickKeyword.groovy)
	at com.kms.katalon.core.webui.keyword.builtin.ClickKeyword$_click_closure1.doCall(ClickKeyword.groovy:67)
	at com.kms.katalon.core.webui.keyword.builtin.ClickKeyword$_click_closure1.call(ClickKeyword.groovy)
	at com.kms.katalon.core.webui.keyword.internal.WebUIKeywordMain.runKeyword(WebUIKeywordMain.groovy:20)
	at com.kms.katalon.core.webui.keyword.builtin.ClickKeyword.click(ClickKeyword.groovy:74)
	at com.kms.katalon.core.webui.keyword.builtin.ClickKeyword.execute(ClickKeyword.groovy:40)
	at com.kms.katalon.core.keyword.internal.KeywordExecutor.executeKeywordForPlatform(KeywordExecutor.groovy:74)
	at com.kms.katalon.core.webui.keyword.WebUiBuiltInKeywords.click(WebUiBuiltInKeywords.groovy:620)
	at com.kms.katalon.core.webui.keyword.WebUiBuiltInKeywords$click$4.call(Unknown Source)
	at Script1642489889860.run(Script1642489889860.groovy:25)
	... 13 more
)

2022-02-02 12:49:45 - [MESSAGE][FAILED] - Unable to click on object 'Object Repository/eligible movie/Page_Universal All-Access Rewards  Get Rewa_700d57/a_Eligible Movies' (Root cause: com.kms.katalon.core.exception.StepFailedException: Unable to click on object 'Object Repository/eligible movie/Page_Universal All-Access Rewards  Get Rewa_700d57/a_Eligible Movies'
	at com.kms.katalon.core.webui.keyword.internal.WebUIKeywordMain.stepFailed(WebUIKeywordMain.groovy:64)
	at com.kms.katalon.core.webui.keyword.internal.WebUIKeywordMain.runKeyword(WebUIKeywordMain.groovy:26)
	at com.kms.katalon.core.webui.keyword.builtin.ClickKeyword.click(ClickKeyword.groovy:74)
	at com.kms.katalon.core.webui.keyword.builtin.ClickKeyword.execute(ClickKeyword.groovy:40)
	at com.kms.katalon.core.keyword.internal.KeywordExecutor.executeKeywordForPlatform(KeywordExecutor.groovy:74)
	at com.kms.katalon.core.webui.keyword.WebUiBuiltInKeywords.click(WebUiBuiltInKeywords.groovy:620)
	at com.kms.katalon.core.webui.keyword.WebUiBuiltInKeywords$click$4.call(Unknown Source)
	at Tc-5 Verify the movies on Eligible page.run(Tc-5 Verify the movies on Eligible page:25)
	at com.kms.katalon.core.main.ScriptEngine.run(ScriptEngine.java:194)
	at com.kms.katalon.core.main.ScriptEngine.runScriptAsRawText(ScriptEngine.java:119)
	at com.kms.katalon.core.main.TestCaseExecutor.runScript(TestCaseExecutor.java:442)
	at com.kms.katalon.core.main.TestCaseExecutor.doExecute(TestCaseExecutor.java:433)
	at com.kms.katalon.core.main.TestCaseExecutor.processExecutionPhase(TestCaseExecutor.java:412)
	at com.kms.katalon.core.main.TestCaseExecutor.accessMainPhase(TestCaseExecutor.java:404)
	at com.kms.katalon.core.main.TestCaseExecutor.execute(TestCaseExecutor.java:281)
	at com.kms.katalon.core.main.TestSuiteExecutor.accessTestCaseMainPhase(TestSuiteExecutor.java:202)
	at com.kms.katalon.core.main.TestSuiteExecutor.accessTestSuiteMainPhase(TestSuiteExecutor.java:164)
	at com.kms.katalon.core.main.TestSuiteExecutor.execute(TestSuiteExecutor.java:105)
	at com.kms.katalon.core.main.TestCaseMain.startTestSuite(TestCaseMain.java:181)
	at com.kms.katalon.core.main.TestCaseMain$startTestSuite$0.call(Unknown Source)
	at TempTestSuite1643786255584.run(TempTestSuite1643786255584.groovy:36)
Caused by: org.openqa.selenium.ElementNotInteractableException: Element <a class="ng-star-inserted" href="/eligible-movies"> could not be scrolled into view
Build info: version: '3.141.59', revision: 'e82be7d358', time: '2018-11-14T08:25:53'
System info: host: 'knoldus-Latitude-3520', ip: '127.0.1.1', os.name: 'Linux', os.arch: 'amd64', os.version: '5.13.0-27-generic', java.version: '1.8.0_312'
Driver info: com.kms.katalon.core.webui.driver.firefox.CGeckoDriver
Capabilities {acceptInsecureCerts: true, browserName: firefox, browserVersion: 96.0, javascriptEnabled: true, moz:accessibilityChecks: false, moz:buildID: 20220106144528, moz:geckodriverVersion: 0.30.0, moz:headless: true, moz:processID: 30138, moz:profile: /tmp/rust_mozprofilet4K6yR, moz:shutdownTimeout: 60000, moz:useNonSpecCompliantPointerOrigin: false, moz:webdriverClick: true, pageLoadStrategy: normal, platform: LINUX, platformName: LINUX, platformVersion: 5.13.0-27-generic, proxy: Proxy(direct), setWindowRect: true, strictFileInteractability: false, timeouts: {implicit: 0, pageLoad: 300000, script: 30000}, unhandledPromptBehavior: dismiss and notify}
Session ID: 20b88cf5-2b9a-4434-b115-3a96b92f3496
	at org.openqa.selenium.remote.http.W3CHttpResponseCodec.createException(W3CHttpResponseCodec.java:187)
	at org.openqa.selenium.remote.http.W3CHttpResponseCodec.decode(W3CHttpResponseCodec.java:122)
	at org.openqa.selenium.remote.http.W3CHttpResponseCodec.decode(W3CHttpResponseCodec.java:49)
	at org.openqa.selenium.remote.HttpCommandExecutor.execute(HttpCommandExecutor.java:158)
	at org.openqa.selenium.remote.service.DriverCommandExecutor.execute(DriverCommandExecutor.java:83)
	at org.openqa.selenium.remote.RemoteWebDriver.execute(RemoteWebDriver.java:552)
	at com.kms.katalon.selenium.driver.CFirefoxDriver.execute(CFirefoxDriver.java:27)
	at org.openqa.selenium.remote.RemoteWebElement.execute(RemoteWebElement.java:285)
	at org.openqa.selenium.remote.RemoteWebElement.click(RemoteWebElement.java:84)
	at org.openqa.selenium.support.events.EventFiringWebDriver$EventFiringWebElement.lambda$new$0(EventFiringWebDriver.java:404)
	at com.sun.proxy.$Proxy11.click(Unknown Source)
	at org.openqa.selenium.support.events.EventFiringWebDriver$EventFiringWebElement.click(EventFiringWebDriver.java:417)
	at org.openqa.selenium.WebElement$click.call(Unknown Source)
	at com.kms.katalon.core.webui.keyword.builtin.ClickKeyword.clickUntilSuccessWithTimeout(ClickKeyword.groovy:81)
	at com.kms.katalon.core.webui.keyword.builtin.ClickKeyword.clickUntilSuccessWithTimeout(ClickKeyword.groovy)
	at com.kms.katalon.core.webui.keyword.builtin.ClickKeyword$_click_closure1.doCall(ClickKeyword.groovy:67)
	at com.kms.katalon.core.webui.keyword.builtin.ClickKeyword$_click_closure1.call(ClickKeyword.groovy)
	at com.kms.katalon.core.webui.keyword.internal.WebUIKeywordMain.runKeyword(WebUIKeywordMain.groovy:20)
	at com.kms.katalon.core.webui.keyword.builtin.ClickKeyword.click(ClickKeyword.groovy:74)
	at com.kms.katalon.core.webui.keyword.builtin.ClickKeyword.execute(ClickKeyword.groovy:40)
	at com.kms.katalon.core.keyword.internal.KeywordExecutor.executeKeywordForPlatform(KeywordExecutor.groovy:74)
	at com.kms.katalon.core.webui.keyword.WebUiBuiltInKeywords.click(WebUiBuiltInKeywords.groovy:620)
	at com.kms.katalon.core.webui.keyword.WebUiBuiltInKeywords$click$4.call(Unknown Source)
	at Script1642489889860.run(Script1642489889860.groovy:25)
	... 13 more
)
[[ATTACHMENT|/home/knoldus/git/Universal-Auto/Reports/20220202_124732/Eligible Moviee/Eligible movie/20220202_124735/1643786385041.png]]

2022-02-02 12:49:45 - [TEST_STEP][PASSED] - delay(2): Delayed 2 second(s)

2022-02-02 12:49:47 - [MESSAGE][PASSED] - Delayed 2 second(s)

2022-02-02 12:49:47 - [TEST_STEP][PASSED] - scrollToPosition(999, 999, CONTINUE_ON_FAILURE): Browser is scrolled to position x = 999, y = 999

2022-02-02 12:49:47 - [MESSAGE][PASSED] - Browser is scrolled to position x = 999, y = 999

2022-02-02 12:49:47 - [TEST_STEP][FAILED] - if (verifyTextPresent(title, true)): Text 'Halloween Kills' is not present on page  using regular expression (Root cause: com.kms.katalon.core.exception.StepFailedException: Text 'Halloween Kills' is not present on page  using regular expression
	at com.kms.katalon.core.webui.keyword.internal.WebUIKeywordMain.stepFailed(WebUIKeywordMain.groovy:64)
	at com.kms.katalon.core.webui.keyword.builtin.VerifyTextPresentKeyword$_verifyTextPresent_closure1.doCall(VerifyTextPresentKeyword.groovy:79)
	at com.kms.katalon.core.webui.keyword.builtin.VerifyTextPresentKeyword$_verifyTextPresent_closure1.call(VerifyTextPresentKeyword.groovy)
	at com.kms.katalon.core.webui.keyword.internal.WebUIKeywordMain.runKeyword(WebUIKeywordMain.groovy:20)
	at com.kms.katalon.core.webui.keyword.builtin.VerifyTextPresentKeyword.verifyTextPresent(VerifyTextPresentKeyword.groovy:83)
	at com.kms.katalon.core.webui.keyword.builtin.VerifyTextPresentKeyword.execute(VerifyTextPresentKeyword.groovy:68)
	at com.kms.katalon.core.keyword.internal.KeywordExecutor.executeKeywordForPlatform(KeywordExecutor.groovy:74)
	at com.kms.katalon.core.webui.keyword.WebUiBuiltInKeywords.verifyTextPresent(WebUiBuiltInKeywords.groovy:1723)
	at com.kms.katalon.core.webui.keyword.WebUiBuiltInKeywords$verifyTextPresent$11.call(Unknown Source)
	at Tc-5 Verify the movies on Eligible page.run(Tc-5 Verify the movies on Eligible page:31)
	at com.kms.katalon.core.main.ScriptEngine.run(ScriptEngine.java:194)
	at com.kms.katalon.core.main.ScriptEngine.runScriptAsRawText(ScriptEngine.java:119)
	at com.kms.katalon.core.main.TestCaseExecutor.runScript(TestCaseExecutor.java:442)
	at com.kms.katalon.core.main.TestCaseExecutor.doExecute(TestCaseExecutor.java:433)
	at com.kms.katalon.core.main.TestCaseExecutor.processExecutionPhase(TestCaseExecutor.java:412)
	at com.kms.katalon.core.main.TestCaseExecutor.accessMainPhase(TestCaseExecutor.java:404)
	at com.kms.katalon.core.main.TestCaseExecutor.execute(TestCaseExecutor.java:281)
	at com.kms.katalon.core.main.TestSuiteExecutor.accessTestCaseMainPhase(TestSuiteExecutor.java:202)
	at com.kms.katalon.core.main.TestSuiteExecutor.accessTestSuiteMainPhase(TestSuiteExecutor.java:164)
	at com.kms.katalon.core.main.TestSuiteExecutor.execute(TestSuiteExecutor.java:105)
	at com.kms.katalon.core.main.TestCaseMain.startTestSuite(TestCaseMain.java:181)
	at com.kms.katalon.core.main.TestCaseMain$startTestSuite$0.call(Unknown Source)
	at TempTestSuite1643786255584.run(TempTestSuite1643786255584.groovy:36)
)

2022-02-02 12:49:47 - [MESSAGE][FAILED] - Text 'Halloween Kills' is not present on page  using regular expression (Root cause: com.kms.katalon.core.exception.StepFailedException: Text 'Halloween Kills' is not present on page  using regular expression
	at com.kms.katalon.core.webui.keyword.internal.WebUIKeywordMain.stepFailed(WebUIKeywordMain.groovy:64)
	at com.kms.katalon.core.webui.keyword.builtin.VerifyTextPresentKeyword$_verifyTextPresent_closure1.doCall(VerifyTextPresentKeyword.groovy:79)
	at com.kms.katalon.core.webui.keyword.builtin.VerifyTextPresentKeyword$_verifyTextPresent_closure1.call(VerifyTextPresentKeyword.groovy)
	at com.kms.katalon.core.webui.keyword.internal.WebUIKeywordMain.runKeyword(WebUIKeywordMain.groovy:20)
	at com.kms.katalon.core.webui.keyword.builtin.VerifyTextPresentKeyword.verifyTextPresent(VerifyTextPresentKeyword.groovy:83)
	at com.kms.katalon.core.webui.keyword.builtin.VerifyTextPresentKeyword.execute(VerifyTextPresentKeyword.groovy:68)
	at com.kms.katalon.core.keyword.internal.KeywordExecutor.executeKeywordForPlatform(KeywordExecutor.groovy:74)
	at com.kms.katalon.core.webui.keyword.WebUiBuiltInKeywords.verifyTextPresent(WebUiBuiltInKeywords.groovy:1723)
	at com.kms.katalon.core.webui.keyword.WebUiBuiltInKeywords$verifyTextPresent$11.call(Unknown Source)
	at Tc-5 Verify the movies on Eligible page.run(Tc-5 Verify the movies on Eligible page:31)
	at com.kms.katalon.core.main.ScriptEngine.run(ScriptEngine.java:194)
	at com.kms.katalon.core.main.ScriptEngine.runScriptAsRawText(ScriptEngine.java:119)
	at com.kms.katalon.core.main.TestCaseExecutor.runScript(TestCaseExecutor.java:442)
	at com.kms.katalon.core.main.TestCaseExecutor.doExecute(TestCaseExecutor.java:433)
	at com.kms.katalon.core.main.TestCaseExecutor.processExecutionPhase(TestCaseExecutor.java:412)
	at com.kms.katalon.core.main.TestCaseExecutor.accessMainPhase(TestCaseExecutor.java:404)
	at com.kms.katalon.core.main.TestCaseExecutor.execute(TestCaseExecutor.java:281)
	at com.kms.katalon.core.main.TestSuiteExecutor.accessTestCaseMainPhase(TestSuiteExecutor.java:202)
	at com.kms.katalon.core.main.TestSuiteExecutor.accessTestSuiteMainPhase(TestSuiteExecutor.java:164)
	at com.kms.katalon.core.main.TestSuiteExecutor.execute(TestSuiteExecutor.java:105)
	at com.kms.katalon.core.main.TestCaseMain.startTestSuite(TestCaseMain.java:181)
	at com.kms.katalon.core.main.TestCaseMain$startTestSuite$0.call(Unknown Source)
	at TempTestSuite1643786255584.run(TempTestSuite1643786255584.groovy:36)
)

2022-02-02 12:49:47 - [TEST_STEP][PASSED] - else: Browser is closed

2022-02-02 12:49:47 - [TEST_STEP][PASSED] - out.println("Unable to find the eligible movie name"): null

2022-02-02 12:49:47 - [TEST_STEP][PASSED] - closeBrowser(): Browser is closed

2022-02-02 12:49:48 - [MESSAGE][PASSED] - Browser is closed]]></system-out>
         <system-err><![CDATA[2022-02-02 12:49:12 - [TEST_CASE][FAILED] - Test Cases/Universal/Tc-5 Verify the movies on Eligible page: Test Cases/Universal/Tc-5 Verify the movies on Eligible page FAILED.
Reason:
com.kms.katalon.core.exception.StepFailedException: Unable to click on object 'Object Repository/eligible movie/Page_Universal All-Access Rewards  Get Rewa_700d57/a_Eligible Movies' (Root cause: com.kms.katalon.core.exception.StepFailedException: Unable to click on object 'Object Repository/eligible movie/Page_Universal All-Access Rewards  Get Rewa_700d57/a_Eligible Movies'
	at com.kms.katalon.core.webui.keyword.internal.WebUIKeywordMain.stepFailed(WebUIKeywordMain.groovy:64)
	at com.kms.katalon.core.webui.keyword.internal.WebUIKeywordMain.runKeyword(WebUIKeywordMain.groovy:26)
	at com.kms.katalon.core.webui.keyword.builtin.ClickKeyword.click(ClickKeyword.groovy:74)
	at com.kms.katalon.core.webui.keyword.builtin.ClickKeyword.execute(ClickKeyword.groovy:40)
	at com.kms.katalon.core.keyword.internal.KeywordExecutor.executeKeywordForPlatform(KeywordExecutor.groovy:74)
	at com.kms.katalon.core.webui.keyword.WebUiBuiltInKeywords.click(WebUiBuiltInKeywords.groovy:620)
	at com.kms.katalon.core.webui.keyword.WebUiBuiltInKeywords$click$4.call(Unknown Source)
	at Tc-5 Verify the movies on Eligible page.run(Tc-5 Verify the movies on Eligible page:25)
	at com.kms.katalon.core.main.ScriptEngine.run(ScriptEngine.java:194)
	at com.kms.katalon.core.main.ScriptEngine.runScriptAsRawText(ScriptEngine.java:119)
	at com.kms.katalon.core.main.TestCaseExecutor.runScript(TestCaseExecutor.java:442)
	at com.kms.katalon.core.main.TestCaseExecutor.doExecute(TestCaseExecutor.java:433)
	at com.kms.katalon.core.main.TestCaseExecutor.processExecutionPhase(TestCaseExecutor.java:412)
	at com.kms.katalon.core.main.TestCaseExecutor.accessMainPhase(TestCaseExecutor.java:404)
	at com.kms.katalon.core.main.TestCaseExecutor.execute(TestCaseExecutor.java:281)
	at com.kms.katalon.core.main.TestSuiteExecutor.accessTestCaseMainPhase(TestSuiteExecutor.java:202)
	at com.kms.katalon.core.main.TestSuiteExecutor.accessTestSuiteMainPhase(TestSuiteExecutor.java:164)
	at com.kms.katalon.core.main.TestSuiteExecutor.execute(TestSuiteExecutor.java:105)
	at com.kms.katalon.core.main.TestCaseMain.startTestSuite(TestCaseMain.java:181)
	at com.kms.katalon.core.main.TestCaseMain$startTestSuite$0.call(Unknown Source)
	at TempTestSuite1643786255584.run(TempTestSuite1643786255584.groovy:36)
Caused by: org.openqa.selenium.ElementNotInteractableException: Element <a class="ng-star-inserted" href="/eligible-movies"> could not be scrolled into view
Build info: version: '3.141.59', revision: 'e82be7d358', time: '2018-11-14T08:25:53'
System info: host: 'knoldus-Latitude-3520', ip: '127.0.1.1', os.name: 'Linux', os.arch: 'amd64', os.version: '5.13.0-27-generic', java.version: '1.8.0_312'
Driver info: com.kms.katalon.core.webui.driver.firefox.CGeckoDriver
Capabilities {acceptInsecureCerts: true, browserName: firefox, browserVersion: 96.0, javascriptEnabled: true, moz:accessibilityChecks: false, moz:buildID: 20220106144528, moz:geckodriverVersion: 0.30.0, moz:headless: true, moz:processID: 30138, moz:profile: /tmp/rust_mozprofilet4K6yR, moz:shutdownTimeout: 60000, moz:useNonSpecCompliantPointerOrigin: false, moz:webdriverClick: true, pageLoadStrategy: normal, platform: LINUX, platformName: LINUX, platformVersion: 5.13.0-27-generic, proxy: Proxy(direct), setWindowRect: true, strictFileInteractability: false, timeouts: {implicit: 0, pageLoad: 300000, script: 30000}, unhandledPromptBehavior: dismiss and notify}
Session ID: 20b88cf5-2b9a-4434-b115-3a96b92f3496
	at org.openqa.selenium.remote.http.W3CHttpResponseCodec.createException(W3CHttpResponseCodec.java:187)
	at org.openqa.selenium.remote.http.W3CHttpResponseCodec.decode(W3CHttpResponseCodec.java:122)
	at org.openqa.selenium.remote.http.W3CHttpResponseCodec.decode(W3CHttpResponseCodec.java:49)
	at org.openqa.selenium.remote.HttpCommandExecutor.execute(HttpCommandExecutor.java:158)
	at org.openqa.selenium.remote.service.DriverCommandExecutor.execute(DriverCommandExecutor.java:83)
	at org.openqa.selenium.remote.RemoteWebDriver.execute(RemoteWebDriver.java:552)
	at com.kms.katalon.selenium.driver.CFirefoxDriver.execute(CFirefoxDriver.java:27)
	at org.openqa.selenium.remote.RemoteWebElement.execute(RemoteWebElement.java:285)
	at org.openqa.selenium.remote.RemoteWebElement.click(RemoteWebElement.java:84)
	at org.openqa.selenium.support.events.EventFiringWebDriver$EventFiringWebElement.lambda$new$0(EventFiringWebDriver.java:404)
	at com.sun.proxy.$Proxy11.click(Unknown Source)
	at org.openqa.selenium.support.events.EventFiringWebDriver$EventFiringWebElement.click(EventFiringWebDriver.java:417)
	at org.openqa.selenium.WebElement$click.call(Unknown Source)
	at com.kms.katalon.core.webui.keyword.builtin.ClickKeyword.clickUntilSuccessWithTimeout(ClickKeyword.groovy:81)
	at com.kms.katalon.core.webui.keyword.builtin.ClickKeyword.clickUntilSuccessWithTimeout(ClickKeyword.groovy)
	at com.kms.katalon.core.webui.keyword.builtin.ClickKeyword$_click_closure1.doCall(ClickKeyword.groovy:67)
	at com.kms.katalon.core.webui.keyword.builtin.ClickKeyword$_click_closure1.call(ClickKeyword.groovy)
	at com.kms.katalon.core.webui.keyword.internal.WebUIKeywordMain.runKeyword(WebUIKeywordMain.groovy:20)
	at com.kms.katalon.core.webui.keyword.builtin.ClickKeyword.click(ClickKeyword.groovy:74)
	at com.kms.katalon.core.webui.keyword.builtin.ClickKeyword.execute(ClickKeyword.groovy:40)
	at com.kms.katalon.core.keyword.internal.KeywordExecutor.executeKeywordForPlatform(KeywordExecutor.groovy:74)
	at com.kms.katalon.core.webui.keyword.WebUiBuiltInKeywords.click(WebUiBuiltInKeywords.groovy:620)
	at com.kms.katalon.core.webui.keyword.WebUiBuiltInKeywords$click$4.call(Unknown Source)
	at Script1642489889860.run(Script1642489889860.groovy:25)
	... 13 more
)
	at com.kms.katalon.core.keyword.internal.KeywordMain.stepFailed(KeywordMain.groovy:39)
	at com.kms.katalon.core.webui.keyword.internal.WebUIKeywordMain.stepFailed(WebUIKeywordMain.groovy:64)
	at com.kms.katalon.core.webui.keyword.internal.WebUIKeywordMain.runKeyword(WebUIKeywordMain.groovy:26)
	at com.kms.katalon.core.webui.keyword.builtin.ClickKeyword.click(ClickKeyword.groovy:74)
	at com.kms.katalon.core.webui.keyword.builtin.ClickKeyword.execute(ClickKeyword.groovy:40)
	at com.kms.katalon.core.keyword.internal.KeywordExecutor.executeKeywordForPlatform(KeywordExecutor.groovy:74)
	at com.kms.katalon.core.webui.keyword.WebUiBuiltInKeywords.click(WebUiBuiltInKeywords.groovy:620)
	at com.kms.katalon.core.webui.keyword.WebUiBuiltInKeywords$click$4.call(Unknown Source)
	at Tc-5 Verify the movies on Eligible page.run(Tc-5 Verify the movies on Eligible page:25)
	at com.kms.katalon.core.main.ScriptEngine.run(ScriptEngine.java:194)
	at com.kms.katalon.core.main.ScriptEngine.runScriptAsRawText(ScriptEngine.java:119)
	at com.kms.katalon.core.main.TestCaseExecutor.runScript(TestCaseExecutor.java:442)
	at com.kms.katalon.core.main.TestCaseExecutor.doExecute(TestCaseExecutor.java:433)
	at com.kms.katalon.core.main.TestCaseExecutor.processExecutionPhase(TestCaseExecutor.java:412)
	at com.kms.katalon.core.main.TestCaseExecutor.accessMainPhase(TestCaseExecutor.java:404)
	at com.kms.katalon.core.main.TestCaseExecutor.execute(TestCaseExecutor.java:281)
	at com.kms.katalon.core.main.TestSuiteExecutor.accessTestCaseMainPhase(TestSuiteExecutor.java:202)
	at com.kms.katalon.core.main.TestSuiteExecutor.accessTestSuiteMainPhase(TestSuiteExecutor.java:164)
	at com.kms.katalon.core.main.TestSuiteExecutor.execute(TestSuiteExecutor.java:105)
	at com.kms.katalon.core.main.TestCaseMain.startTestSuite(TestCaseMain.java:181)
	at com.kms.katalon.core.main.TestCaseMain$startTestSuite$0.call(Unknown Source)
	at TempTestSuite1643786255584.run(TempTestSuite1643786255584.groovy:36)
Caused by: com.kms.katalon.core.exception.StepFailedException: Unable to click on object 'Object Repository/eligible movie/Page_Universal All-Access Rewards  Get Rewa_700d57/a_Eligible Movies'
	... 21 more
Caused by: org.openqa.selenium.ElementNotInteractableException: Element <a class="ng-star-inserted" href="/eligible-movies"> could not be scrolled into view
Build info: version: '3.141.59', revision: 'e82be7d358', time: '2018-11-14T08:25:53'
System info: host: 'knoldus-Latitude-3520', ip: '127.0.1.1', os.name: 'Linux', os.arch: 'amd64', os.version: '5.13.0-27-generic', java.version: '1.8.0_312'
Driver info: com.kms.katalon.core.webui.driver.firefox.CGeckoDriver
Capabilities {acceptInsecureCerts: true, browserName: firefox, browserVersion: 96.0, javascriptEnabled: true, moz:accessibilityChecks: false, moz:buildID: 20220106144528, moz:geckodriverVersion: 0.30.0, moz:headless: true, moz:processID: 30138, moz:profile: /tmp/rust_mozprofilet4K6yR, moz:shutdownTimeout: 60000, moz:useNonSpecCompliantPointerOrigin: false, moz:webdriverClick: true, pageLoadStrategy: normal, platform: LINUX, platformName: LINUX, platformVersion: 5.13.0-27-generic, proxy: Proxy(direct), setWindowRect: true, strictFileInteractability: false, timeouts: {implicit: 0, pageLoad: 300000, script: 30000}, unhandledPromptBehavior: dismiss and notify}
Session ID: 20b88cf5-2b9a-4434-b115-3a96b92f3496
	at org.openqa.selenium.remote.http.W3CHttpResponseCodec.createException(W3CHttpResponseCodec.java:187)
	at org.openqa.selenium.remote.http.W3CHttpResponseCodec.decode(W3CHttpResponseCodec.java:122)
	at org.openqa.selenium.remote.http.W3CHttpResponseCodec.decode(W3CHttpResponseCodec.java:49)
	at org.openqa.selenium.remote.HttpCommandExecutor.execute(HttpCommandExecutor.java:158)
	at org.openqa.selenium.remote.service.DriverCommandExecutor.execute(DriverCommandExecutor.java:83)
	at org.openqa.selenium.remote.RemoteWebDriver.execute(RemoteWebDriver.java:552)
	at com.kms.katalon.selenium.driver.CFirefoxDriver.execute(CFirefoxDriver.java:27)
	at org.openqa.selenium.remote.RemoteWebElement.execute(RemoteWebElement.java:285)
	at org.openqa.selenium.remote.RemoteWebElement.click(RemoteWebElement.java:84)
	at org.openqa.selenium.support.events.EventFiringWebDriver$EventFiringWebElement.lambda$new$0(EventFiringWebDriver.java:404)
	at com.sun.proxy.$Proxy11.click(Unknown Source)
	at org.openqa.selenium.support.events.EventFiringWebDriver$EventFiringWebElement.click(EventFiringWebDriver.java:417)
	at org.openqa.selenium.WebElement$click.call(Unknown Source)
	at com.kms.katalon.core.webui.keyword.builtin.ClickKeyword.clickUntilSuccessWithTimeout(ClickKeyword.groovy:81)
	at com.kms.katalon.core.webui.keyword.builtin.ClickKeyword.clickUntilSuccessWithTimeout(ClickKeyword.groovy)
	at com.kms.katalon.core.webui.keyword.builtin.ClickKeyword$_click_closure1.doCall(ClickKeyword.groovy:67)
	at com.kms.katalon.core.webui.keyword.builtin.ClickKeyword$_click_closure1.call(ClickKeyword.groovy)
	at com.kms.katalon.core.webui.keyword.internal.WebUIKeywordMain.runKeyword(WebUIKeywordMain.groovy:20)
	... 19 more]]></system-err>
      </testcase>
      <system-out><![CDATA[2022-02-02 12:49:12 - [TEST_SUITE][FAILED] - Eligible movie: Test Cases/Universal/Tc-5 Verify the movies on Eligible page FAILED.
Reason:
com.kms.katalon.core.exception.StepFailedException: Unable to click on object 'Object Repository/eligible movie/Page_Universal All-Access Rewards  Get Rewa_700d57/a_Eligible Movies' (Root cause: com.kms.katalon.core.exception.StepFailedException: Unable to click on object 'Object Repository/eligible movie/Page_Universal All-Access Rewards  Get Rewa_700d57/a_Eligible Movies'
	at com.kms.katalon.core.webui.keyword.internal.WebUIKeywordMain.stepFailed(WebUIKeywordMain.groovy:64)
	at com.kms.katalon.core.webui.keyword.internal.WebUIKeywordMain.runKeyword(WebUIKeywordMain.groovy:26)
	at com.kms.katalon.core.webui.keyword.builtin.ClickKeyword.click(ClickKeyword.groovy:74)
	at com.kms.katalon.core.webui.keyword.builtin.ClickKeyword.execute(ClickKeyword.groovy:40)
	at com.kms.katalon.core.keyword.internal.KeywordExecutor.executeKeywordForPlatform(KeywordExecutor.groovy:74)
	at com.kms.katalon.core.webui.keyword.WebUiBuiltInKeywords.click(WebUiBuiltInKeywords.groovy:620)
	at com.kms.katalon.core.webui.keyword.WebUiBuiltInKeywords$click$4.call(Unknown Source)
	at Tc-5 Verify the movies on Eligible page.run(Tc-5 Verify the movies on Eligible page:25)
	at com.kms.katalon.core.main.ScriptEngine.run(ScriptEngine.java:194)
	at com.kms.katalon.core.main.ScriptEngine.runScriptAsRawText(ScriptEngine.java:119)
	at com.kms.katalon.core.main.TestCaseExecutor.runScript(TestCaseExecutor.java:442)
	at com.kms.katalon.core.main.TestCaseExecutor.doExecute(TestCaseExecutor.java:433)
	at com.kms.katalon.core.main.TestCaseExecutor.processExecutionPhase(TestCaseExecutor.java:412)
	at com.kms.katalon.core.main.TestCaseExecutor.accessMainPhase(TestCaseExecutor.java:404)
	at com.kms.katalon.core.main.TestCaseExecutor.execute(TestCaseExecutor.java:281)
	at com.kms.katalon.core.main.TestSuiteExecutor.accessTestCaseMainPhase(TestSuiteExecutor.java:202)
	at com.kms.katalon.core.main.TestSuiteExecutor.accessTestSuiteMainPhase(TestSuiteExecutor.java:164)
	at com.kms.katalon.core.main.TestSuiteExecutor.execute(TestSuiteExecutor.java:105)
	at com.kms.katalon.core.main.TestCaseMain.startTestSuite(TestCaseMain.java:181)
	at com.kms.katalon.core.main.TestCaseMain$startTestSuite$0.call(Unknown Source)
	at TempTestSuite1643786255584.run(TempTestSuite1643786255584.groovy:36)
Caused by: org.openqa.selenium.ElementNotInteractableException: Element <a class="ng-star-inserted" href="/eligible-movies"> could not be scrolled into view
Build info: version: '3.141.59', revision: 'e82be7d358', time: '2018-11-14T08:25:53'
System info: host: 'knoldus-Latitude-3520', ip: '127.0.1.1', os.name: 'Linux', os.arch: 'amd64', os.version: '5.13.0-27-generic', java.version: '1.8.0_312'
Driver info: com.kms.katalon.core.webui.driver.firefox.CGeckoDriver
Capabilities {acceptInsecureCerts: true, browserName: firefox, browserVersion: 96.0, javascriptEnabled: true, moz:accessibilityChecks: false, moz:buildID: 20220106144528, moz:geckodriverVersion: 0.30.0, moz:headless: true, moz:processID: 30138, moz:profile: /tmp/rust_mozprofilet4K6yR, moz:shutdownTimeout: 60000, moz:useNonSpecCompliantPointerOrigin: false, moz:webdriverClick: true, pageLoadStrategy: normal, platform: LINUX, platformName: LINUX, platformVersion: 5.13.0-27-generic, proxy: Proxy(direct), setWindowRect: true, strictFileInteractability: false, timeouts: {implicit: 0, pageLoad: 300000, script: 30000}, unhandledPromptBehavior: dismiss and notify}
Session ID: 20b88cf5-2b9a-4434-b115-3a96b92f3496
	at org.openqa.selenium.remote.http.W3CHttpResponseCodec.createException(W3CHttpResponseCodec.java:187)
	at org.openqa.selenium.remote.http.W3CHttpResponseCodec.decode(W3CHttpResponseCodec.java:122)
	at org.openqa.selenium.remote.http.W3CHttpResponseCodec.decode(W3CHttpResponseCodec.java:49)
	at org.openqa.selenium.remote.HttpCommandExecutor.execute(HttpCommandExecutor.java:158)
	at org.openqa.selenium.remote.service.DriverCommandExecutor.execute(DriverCommandExecutor.java:83)
	at org.openqa.selenium.remote.RemoteWebDriver.execute(RemoteWebDriver.java:552)
	at com.kms.katalon.selenium.driver.CFirefoxDriver.execute(CFirefoxDriver.java:27)
	at org.openqa.selenium.remote.RemoteWebElement.execute(RemoteWebElement.java:285)
	at org.openqa.selenium.remote.RemoteWebElement.click(RemoteWebElement.java:84)
	at org.openqa.selenium.support.events.EventFiringWebDriver$EventFiringWebElement.lambda$new$0(EventFiringWebDriver.java:404)
	at com.sun.proxy.$Proxy11.click(Unknown Source)
	at org.openqa.selenium.support.events.EventFiringWebDriver$EventFiringWebElement.click(EventFiringWebDriver.java:417)
	at org.openqa.selenium.WebElement$click.call(Unknown Source)
	at com.kms.katalon.core.webui.keyword.builtin.ClickKeyword.clickUntilSuccessWithTimeout(ClickKeyword.groovy:81)
	at com.kms.katalon.core.webui.keyword.builtin.ClickKeyword.clickUntilSuccessWithTimeout(ClickKeyword.groovy)
	at com.kms.katalon.core.webui.keyword.builtin.ClickKeyword$_click_closure1.doCall(ClickKeyword.groovy:67)
	at com.kms.katalon.core.webui.keyword.builtin.ClickKeyword$_click_closure1.call(ClickKeyword.groovy)
	at com.kms.katalon.core.webui.keyword.internal.WebUIKeywordMain.runKeyword(WebUIKeywordMain.groovy:20)
	at com.kms.katalon.core.webui.keyword.builtin.ClickKeyword.click(ClickKeyword.groovy:74)
	at com.kms.katalon.core.webui.keyword.builtin.ClickKeyword.execute(ClickKeyword.groovy:40)
	at com.kms.katalon.core.keyword.internal.KeywordExecutor.executeKeywordForPlatform(KeywordExecutor.groovy:74)
	at com.kms.katalon.core.webui.keyword.WebUiBuiltInKeywords.click(WebUiBuiltInKeywords.groovy:620)
	at com.kms.katalon.core.webui.keyword.WebUiBuiltInKeywords$click$4.call(Unknown Source)
	at Script1642489889860.run(Script1642489889860.groovy:25)
	... 13 more
)
	at com.kms.katalon.core.keyword.internal.KeywordMain.stepFailed(KeywordMain.groovy:39)
	at com.kms.katalon.core.webui.keyword.internal.WebUIKeywordMain.stepFailed(WebUIKeywordMain.groovy:64)
	at com.kms.katalon.core.webui.keyword.internal.WebUIKeywordMain.runKeyword(WebUIKeywordMain.groovy:26)
	at com.kms.katalon.core.webui.keyword.builtin.ClickKeyword.click(ClickKeyword.groovy:74)
	at com.kms.katalon.core.webui.keyword.builtin.ClickKeyword.execute(ClickKeyword.groovy:40)
	at com.kms.katalon.core.keyword.internal.KeywordExecutor.executeKeywordForPlatform(KeywordExecutor.groovy:74)
	at com.kms.katalon.core.webui.keyword.WebUiBuiltInKeywords.click(WebUiBuiltInKeywords.groovy:620)
	at com.kms.katalon.core.webui.keyword.WebUiBuiltInKeywords$click$4.call(Unknown Source)
	at Tc-5 Verify the movies on Eligible page.run(Tc-5 Verify the movies on Eligible page:25)
	at com.kms.katalon.core.main.ScriptEngine.run(ScriptEngine.java:194)
	at com.kms.katalon.core.main.ScriptEngine.runScriptAsRawText(ScriptEngine.java:119)
	at com.kms.katalon.core.main.TestCaseExecutor.runScript(TestCaseExecutor.java:442)
	at com.kms.katalon.core.main.TestCaseExecutor.doExecute(TestCaseExecutor.java:433)
	at com.kms.katalon.core.main.TestCaseExecutor.processExecutionPhase(TestCaseExecutor.java:412)
	at com.kms.katalon.core.main.TestCaseExecutor.accessMainPhase(TestCaseExecutor.java:404)
	at com.kms.katalon.core.main.TestCaseExecutor.execute(TestCaseExecutor.java:281)
	at com.kms.katalon.core.main.TestSuiteExecutor.accessTestCaseMainPhase(TestSuiteExecutor.java:202)
	at com.kms.katalon.core.main.TestSuiteExecutor.accessTestSuiteMainPhase(TestSuiteExecutor.java:164)
	at com.kms.katalon.core.main.TestSuiteExecutor.execute(TestSuiteExecutor.java:105)
	at com.kms.katalon.core.main.TestCaseMain.startTestSuite(TestCaseMain.java:181)
	at com.kms.katalon.core.main.TestCaseMain$startTestSuite$0.call(Unknown Source)
	at TempTestSuite1643786255584.run(TempTestSuite1643786255584.groovy:36)
Caused by: com.kms.katalon.core.exception.StepFailedException: Unable to click on object 'Object Repository/eligible movie/Page_Universal All-Access Rewards  Get Rewa_700d57/a_Eligible Movies'
	... 21 more
Caused by: org.openqa.selenium.ElementNotInteractableException: Element <a class="ng-star-inserted" href="/eligible-movies"> could not be scrolled into view
Build info: version: '3.141.59', revision: 'e82be7d358', time: '2018-11-14T08:25:53'
System info: host: 'knoldus-Latitude-3520', ip: '127.0.1.1', os.name: 'Linux', os.arch: 'amd64', os.version: '5.13.0-27-generic', java.version: '1.8.0_312'
Driver info: com.kms.katalon.core.webui.driver.firefox.CGeckoDriver
Capabilities {acceptInsecureCerts: true, browserName: firefox, browserVersion: 96.0, javascriptEnabled: true, moz:accessibilityChecks: false, moz:buildID: 20220106144528, moz:geckodriverVersion: 0.30.0, moz:headless: true, moz:processID: 30138, moz:profile: /tmp/rust_mozprofilet4K6yR, moz:shutdownTimeout: 60000, moz:useNonSpecCompliantPointerOrigin: false, moz:webdriverClick: true, pageLoadStrategy: normal, platform: LINUX, platformName: LINUX, platformVersion: 5.13.0-27-generic, proxy: Proxy(direct), setWindowRect: true, strictFileInteractability: false, timeouts: {implicit: 0, pageLoad: 300000, script: 30000}, unhandledPromptBehavior: dismiss and notify}
Session ID: 20b88cf5-2b9a-4434-b115-3a96b92f3496
	at org.openqa.selenium.remote.http.W3CHttpResponseCodec.createException(W3CHttpResponseCodec.java:187)
	at org.openqa.selenium.remote.http.W3CHttpResponseCodec.decode(W3CHttpResponseCodec.java:122)
	at org.openqa.selenium.remote.http.W3CHttpResponseCodec.decode(W3CHttpResponseCodec.java:49)
	at org.openqa.selenium.remote.HttpCommandExecutor.execute(HttpCommandExecutor.java:158)
	at org.openqa.selenium.remote.service.DriverCommandExecutor.execute(DriverCommandExecutor.java:83)
	at org.openqa.selenium.remote.RemoteWebDriver.execute(RemoteWebDriver.java:552)
	at com.kms.katalon.selenium.driver.CFirefoxDriver.execute(CFirefoxDriver.java:27)
	at org.openqa.selenium.remote.RemoteWebElement.execute(RemoteWebElement.java:285)
	at org.openqa.selenium.remote.RemoteWebElement.click(RemoteWebElement.java:84)
	at org.openqa.selenium.support.events.EventFiringWebDriver$EventFiringWebElement.lambda$new$0(EventFiringWebDriver.java:404)
	at com.sun.proxy.$Proxy11.click(Unknown Source)
	at org.openqa.selenium.support.events.EventFiringWebDriver$EventFiringWebElement.click(EventFiringWebDriver.java:417)
	at org.openqa.selenium.WebElement$click.call(Unknown Source)
	at com.kms.katalon.core.webui.keyword.builtin.ClickKeyword.clickUntilSuccessWithTimeout(ClickKeyword.groovy:81)
	at com.kms.katalon.core.webui.keyword.builtin.ClickKeyword.clickUntilSuccessWithTimeout(ClickKeyword.groovy)
	at com.kms.katalon.core.webui.keyword.builtin.ClickKeyword$_click_closure1.doCall(ClickKeyword.groovy:67)
	at com.kms.katalon.core.webui.keyword.builtin.ClickKeyword$_click_closure1.call(ClickKeyword.groovy)
	at com.kms.katalon.core.webui.keyword.internal.WebUIKeywordMain.runKeyword(WebUIKeywordMain.groovy:20)
	... 19 more]]></system-out>
      <system-err><![CDATA[2022-02-02 12:49:12 - [TEST_SUITE][FAILED] - Eligible movie: Test Cases/Universal/Tc-5 Verify the movies on Eligible page FAILED.
Reason:
[...]

2022-02-02 12:58:40 - [MESSAGE][PASSED] - Delayed 2 second(s)

2022-02-02 12:58:40 - [TEST_STEP][PASSED] - User_name = getText(findTestObject("Object Repository/Universal Staging/Tier Name")): Text of object 'Object Repository/Universal Staging/Tier Name' is: 'Ankit Kumar'

2022-02-02 12:58:40 - [MESSAGE][PASSED] - Text of object 'Object Repository/Universal Staging/Tier Name' is: 'Ankit Kumar'

2022-02-02 12:58:40 - [TEST_STEP][PASSED] - Tier_name = getText(findTestObject("Object Repository/Universal Staging/Tier Namee"), CONTINUE_ON_FAILURE): Text of object 'Object Repository/Universal Staging/Tier Namee' is: 'SCREENWRITER'

2022-02-02 12:58:40 - [MESSAGE][PASSED] - Text of object 'Object Repository/Universal Staging/Tier Namee' is: 'SCREENWRITER'

2022-02-02 12:58:40 - [TEST_STEP][PASSED] - out.println("Welcome " + User_name): null

2022-02-02 12:58:40 - [TEST_STEP][PASSED] - out.println("you are in " + Tier_name): null

2022-02-02 12:58:40 - [TEST_STEP][PASSED] - takeScreenshot(): Taking screenshot successfully

2022-02-02 12:58:40 - [MESSAGE][PASSED] - Taking screenshot successfully
[[ATTACHMENT|/home/knoldus/git/Universal-Auto/Reports/20220202_124732/Login/Login/20220202_124743/1643786920474.png]]]]></system-out>
         <system-err><![CDATA[]]></system-err>
      </testcase>
      <testcase name="Test Cases/Universal/Login/TC-4 Login with Extra" time="39.369" classname="Test Cases/Universal/Login/TC-4 Login with Extra" status="PASSED">
         <system-out><![CDATA[2022-02-02 12:58:40 - [TEST_CASE][PASSED] - Test Cases/Universal/Login/TC-4 Login with Extra: Test Cases/Universal/Login/TC-4 Login with Extra

2022-02-02 12:58:40 - [TEST_STEP][PASSED] - openBrowser(""): Browser is opened with url: ''

2022-02-02 12:58:40 - [MESSAGE][WARNING] - A browser is already opened. Closing browser and opening a new one

2022-02-02 12:58:41 - [MESSAGE][INFO] - Starting 'Firefox (headless)' driver

2022-02-02 12:58:41 - [MESSAGE][INFO] - Action delay is set to 0 milliseconds

2022-02-02 12:58:42 - [MESSAGE][PASSED] - Browser is opened with url: ''

2022-02-02 12:58:42 - [TEST_STEP][PASSED] - setViewPortSize(1920, 1080): Viewport is set to new size with width = 1920 and height = 1080

2022-02-02 12:58:42 - [MESSAGE][PASSED] - Viewport is set to new size with width = 1920 and height = 1080

2022-02-02 12:58:42 - [TEST_STEP][PASSED] - navigateToUrl(url): Navigate to 'https://universal.3tlstaging.com/home' successfully

2022-02-02 12:59:10 - [MESSAGE][PASSED] - Navigate to 'https://universal.3tlstaging.com/home' successfully

2022-02-02 12:59:10 - [TEST_STEP][PASSED] - delay(5): Delayed 5 second(s)

2022-02-02 12:59:15 - [MESSAGE][PASSED] - Delayed 5 second(s)

2022-02-02 12:59:15 - [TEST_STEP][PASSED] - maximizeWindow(): Current window maximized

2022-02-02 12:59:15 - [MESSAGE][PASSED] - Current window maximized

2022-02-02 12:59:15 - [TEST_STEP][PASSED] - if (verifyTextPresent("REGISTER / LOGIN", true, STOP_ON_FAILURE)): Browser is closed

2022-02-02 12:59:15 - [MESSAGE][PASSED] - Text 'REGISTER / LOGIN' is present on page  using regular expression

2022-02-02 12:59:15 - [TEST_STEP][PASSED] - click(findTestObject("Universal Staging/a_Register  Login")): Object: 'Object Repository/Universal Staging/a_Register  Login' is clicked on

2022-02-02 12:59:16 - [MESSAGE][PASSED] - Object: 'Object Repository/Universal Staging/a_Register  Login' is clicked on

2022-02-02 12:59:16 - [TEST_STEP][PASSED] - setText(findTestObject("Universal Staging/input_USERNAME OR EMAIL_mat-input-0"), Email): Text 'soniatest@yopmail.com' is set on object 'Object Repository/Universal Staging/input_USERNAME OR EMAIL_mat-input-0'

2022-02-02 12:59:16 - [MESSAGE][PASSED] - Text 'soniatest@yopmail.com' is set on object 'Object Repository/Universal Staging/input_USERNAME OR EMAIL_mat-input-0'

2022-02-02 12:59:16 - [TEST_STEP][PASSED] - setText(findTestObject("Universal Staging/input_PASSWORD_mat-input-1"), Pswrd): Text 'Test@123' is set on object 'Object Repository/Universal Staging/input_PASSWORD_mat-input-1'

2022-02-02 12:59:16 - [MESSAGE][PASSED] - Text 'Test@123' is set on object 'Object Repository/Universal Staging/input_PASSWORD_mat-input-1'

2022-02-02 12:59:16 - [TEST_STEP][PASSED] - click(findTestObject("Universal Staging/button_Login")): Object: 'Object Repository/Universal Staging/button_Login' is clicked on

2022-02-02 12:59:16 - [MESSAGE][PASSED] - Object: 'Object Repository/Universal Staging/button_Login' is clicked on

2022-02-02 12:59:16 - [TEST_STEP][PASSED] - delay(2): Delayed 2 second(s)

2022-02-02 12:59:18 - [MESSAGE][PASSED] - Delayed 2 second(s)

2022-02-02 12:59:18 - [TEST_STEP][PASSED] - User_name = getText(findTestObject("Object Repository/Universal Staging/Tier Name")): Text of object 'Object Repository/Universal Staging/Tier Name' is: 'Sonia Rai'

2022-02-02 12:59:18 - [MESSAGE][PASSED] - Text of object 'Object Repository/Universal Staging/Tier Name' is: 'Sonia Rai'

2022-02-02 12:59:18 - [TEST_STEP][PASSED] - Tier_name = getText(findTestObject("Object Repository/Universal Staging/Tier Namee"), CONTINUE_ON_FAILURE): Text of object 'Object Repository/Universal Staging/Tier Namee' is: 'EXTRA'

2022-02-02 12:59:19 - [MESSAGE][PASSED] - Text of object 'Object Repository/Universal Staging/Tier Namee' is: 'EXTRA'

2022-02-02 12:59:19 - [TEST_STEP][PASSED] - out.println("Welcome" + User_name): null

2022-02-02 12:59:19 - [TEST_STEP][PASSED] - out.println("you are in" + Tier_name): null

2022-02-02 12:59:19 - [TEST_STEP][PASSED] - takeScreenshot(): Taking screenshot successfully

2022-02-02 12:59:19 - [MESSAGE][PASSED] - Taking screenshot successfully
[[ATTACHMENT|/home/knoldus/git/Universal-Auto/Reports/20220202_124732/Login/Login/20220202_124743/1643786959067.png]]

2022-02-02 12:59:19 - [TEST_STEP][PASSED] - closeBrowser(): Browser is closed

2022-02-02 12:59:19 - [MESSAGE][PASSED] - Browser is closed

2022-02-02 12:59:19 - [TEST_STEP][PASSED] - closeBrowser(): Browser is closed

2022-02-02 12:59:19 - [MESSAGE][PASSED] - Browser is closed]]></system-out>
         <system-err><![CDATA[]]></system-err>
      </testcase>
      <system-out><![CDATA[2022-02-02 12:56:49 - [TEST_SUITE][PASSED] - Login: Test Cases/Universal/Login/TC-4 Login with Extra]]></system-out>
      <system-err><![CDATA[]]></system-err>
   </testsuite>
   <testsuite name="Digital Rewards" tests="1" failures="0" errors="0" time="64.362" skipped="0" timestamp="2022-02-02 12:59:44" hostname="knoldus - knoldus-Latitude-3520" id="Test Suites/Digital Rewardss/Digital Rewards">
      <properties>
         <property name="deviceName" value=""/>
         <property name="devicePlatform" value=""/>
         <property name="logFolder" value="/home/knoldus/git/Universal-Auto/Reports/20220202_124732/Digital Rewardss/Digital Rewards/20220202_124745"/>
         <property name="logFiles" value="/home/knoldus/git/Universal-Auto/Reports/20220202_124732/Digital Rewardss/Digital Rewards/20220202_124745/execution0.log"/>
         <property name="attachments" value="/home/knoldus/git/Universal-Auto/Reports/20220202_124732/Digital Rewardss/Digital Rewards/20220202_124745/1643787023154.png, /home/knoldus/git/Universal-Auto/Reports/20220202_124732/Digital Rewardss/Digital Rewards/20220202_124745/1643787030899.png"/>
         <property name="hostName" value="knoldus - knoldus-Latitude-3520"/>
         <property name="os" value="Linux 64bit"/>
         <property name="katalonVersion" value="8.2.0.208"/>
         <property name="browser" value="Firefox 96.0"/>
         <property name="hostAddress" value="127.0.1.1"/>
         <property name="sessionId" value="0fb0a5f4-4d82-4bd1-ad86-43fac86b88ea"/>
         <property name="seleniumVersion" value="3.141.59"/>
         <property name="proxyInformation" value="ProxyInformation { proxyOption=NO_PROXY, proxyServerType=HTTP, username=, password=********, proxyServerAddress=, proxyServerPort=0, executionList=&quot;&quot;, isApplyToDesiredCapabilities=true }"/>
         <property name="platform" value="Linux"/>
      </properties>
      <testcase name="Test Cases/Universal/Tc-3 Verify the Digital rewards on reward page" time="64.156" classname="Test Cases/Universal/Tc-3 Verify the Digital rewards on reward page" status="PASSED">
         <system-out><![CDATA[2022-02-02 12:59:45 - [TEST_CASE][PASSED] - Test Cases/Universal/Tc-3 Verify the Digital rewards on reward page: Test Cases/Universal/Tc-3 Verify the Digital rewards on reward page

2022-02-02 12:59:45 - [TEST_STEP][PASSED] - callTestCase(findTestCase("Universal/Login/TC-3 Login with Director"), ["Email":"test3004@yopmail.com", "Pswrd":"3tl@testing"], CONTINUE_ON_FAILURE): Call Test Case 'Test Cases/Universal/Login/TC-3 Login with Director' successfully

2022-02-02 12:59:45 - [TEST_CASE][PASSED] - Test Cases/Universal/Login/TC-3 Login with Director: Test Cases/Universal/Login/TC-3 Login with Director

2022-02-02 12:59:45 - [TEST_STEP][PASSED] - openBrowser(""): Browser is opened with url: ''

2022-02-02 12:59:45 - [MESSAGE][INFO] - Starting 'Firefox (headless)' driver

2022-02-02 12:59:45 - [MESSAGE][INFO] - Action delay is set to 0 milliseconds

2022-02-02 12:59:48 - [MESSAGE][PASSED] - Browser is opened with url: ''

2022-02-02 12:59:48 - [TEST_STEP][PASSED] - setViewPortSize(1920, 1080): Viewport is set to new size with width = 1920 and height = 1080

2022-02-02 12:59:48 - [MESSAGE][PASSED] - Viewport is set to new size with width = 1920 and height = 1080

2022-02-02 12:59:48 - [TEST_STEP][PASSED] - navigateToUrl(url): Navigate to 'https://universal.3tlstaging.com/home' successfully

2022-02-02 13:00:14 - [MESSAGE][PASSED] - Navigate to 'https://universal.3tlstaging.com/home' successfully

2022-02-02 13:00:14 - [TEST_STEP][PASSED] - delay(5): Delayed 5 second(s)

2022-02-02 13:00:19 - [MESSAGE][PASSED] - Delayed 5 second(s)

2022-02-02 13:00:19 - [TEST_STEP][PASSED] - maximizeWindow(): Current window maximized

2022-02-02 13:00:19 - [MESSAGE][PASSED] - Current window maximized

2022-02-02 13:00:19 - [TEST_STEP][PASSED] - if (verifyTextPresent("REGISTER / LOGIN", true, STOP_ON_FAILURE)): Taking screenshot successfully

2022-02-02 13:00:19 - [MESSAGE][PASSED] - Text 'REGISTER / LOGIN' is present on page  using regular expression

2022-02-02 13:00:19 - [TEST_STEP][PASSED] - click(findTestObject("Universal Staging/a_Register  Login")): Object: 'Object Repository/Universal Staging/a_Register  Login' is clicked on

2022-02-02 13:00:20 - [MESSAGE][PASSED] - Object: 'Object Repository/Universal Staging/a_Register  Login' is clicked on

2022-02-02 13:00:20 - [TEST_STEP][PASSED] - setText(findTestObject("Universal Staging/input_USERNAME OR EMAIL_mat-input-0"), Email): Text 'test3004@yopmail.com' is set on object 'Object Repository/Universal Staging/input_USERNAME OR EMAIL_mat-input-0'

2022-02-02 13:00:20 - [MESSAGE][PASSED] - Text 'test3004@yopmail.com' is set on object 'Object Repository/Universal Staging/input_USERNAME OR EMAIL_mat-input-0'

2022-02-02 13:00:20 - [TEST_STEP][PASSED] - setText(findTestObject("Universal Staging/input_PASSWORD_mat-input-1"), Pswrd): Text '3tl@testing' is set on object 'Object Repository/Universal Staging/input_PASSWORD_mat-input-1'

2022-02-02 13:00:20 - [MESSAGE][PASSED] - Text '3tl@testing' is set on object 'Object Repository/Universal Staging/input_PASSWORD_mat-input-1'

2022-02-02 13:00:20 - [TEST_STEP][PASSED] - click(findTestObject("Universal Staging/button_Login")): Object: 'Object Repository/Universal Staging/button_Login' is clicked on

2022-02-02 13:00:20 - [MESSAGE][PASSED] - Object: 'Object Repository/Universal Staging/button_Login' is clicked on

2022-02-02 13:00:20 - [TEST_STEP][PASSED] - delay(2): Delayed 2 second(s)

2022-02-02 13:00:22 - [MESSAGE][PASSED] - Delayed 2 second(s)

2022-02-02 13:00:22 - [TEST_STEP][PASSED] - User_name = getText(findTestObject("Object Repository/Universal Staging/Tier Name")): Text of object 'Object Repository/Universal Staging/Tier Name' is: 'Gargi Sanadhya'

2022-02-02 13:00:23 - [MESSAGE][PASSED] - Text of object 'Object Repository/Universal Staging/Tier Name' is: 'Gargi Sanadhya'

2022-02-02 13:00:23 - [TEST_STEP][PASSED] - Tier_name = getText(findTestObject("Object Repository/Universal Staging/Tier Namee"), CONTINUE_ON_FAILURE): Text of object 'Object Repository/Universal Staging/Tier Namee' is: 'DIRECTOR'

2022-02-02 13:00:23 - [MESSAGE][PASSED] - Text of object 'Object Repository/Universal Staging/Tier Namee' is: 'DIRECTOR'

2022-02-02 13:00:23 - [TEST_STEP][PASSED] - out.println("Welcome " + User_name): null

2022-02-02 13:00:23 - [TEST_STEP][PASSED] - out.println("you are in " + Tier_name): null

2022-02-02 13:00:23 - [TEST_STEP][PASSED] - takeScreenshot(): Taking screenshot successfully

2022-02-02 13:00:23 - [MESSAGE][PASSED] - Taking screenshot successfully
[[ATTACHMENT|/home/knoldus/git/Universal-Auto/Reports/20220202_124732/Digital Rewardss/Digital Rewards/20220202_124745/1643787023154.png]]

2022-02-02 13:00:23 - [MESSAGE][PASSED] - Call Test Case 'Test Cases/Universal/Login/TC-3 Login with Director' successfully

2022-02-02 13:00:23 - [TEST_STEP][PASSED] - delay(5): Delayed 5 second(s)

2022-02-02 13:00:28 - [MESSAGE][PASSED] - Delayed 5 second(s)

2022-02-02 13:00:28 - [TEST_STEP][PASSED] - click(findTestObject("Object Repository/Reward page/Page_Universal All-Access Rewards  Get Rewa_700d57/a_Rewards")): Object: 'Object Repository/Reward page/Page_Universal All-Access Rewards  Get Rewa_700d57/a_Rewards' is clicked on

2022-02-02 13:00:28 - [MESSAGE][PASSED] - Object: 'Object Repository/Reward page/Page_Universal All-Access Rewards  Get Rewa_700d57/a_Rewards' is clicked on

2022-02-02 13:00:28 - [TEST_STEP][PASSED] - scrollToElement(findTestObject("Object Repository/Reward page/Page_Universal All-Access Rewards  Get Rewa_700d57/div_Show All"), 0, STOP_ON_FAILURE): Scroll to object 'Object Repository/Reward page/Page_Universal All-Access Rewards  Get Rewa_700d57/div_Show All' successfully

2022-02-02 13:00:28 - [MESSAGE][WARNING] - Timeout '0' is invalid. Using default page load timeout: '30'

2022-02-02 13:00:28 - [MESSAGE][PASSED] - Scroll to object 'Object Repository/Reward page/Page_Universal All-Access Rewards  Get Rewa_700d57/div_Show All' successfully

2022-02-02 13:00:28 - [TEST_STEP][PASSED] - click(findTestObject("Object Repository/Reward page/Page_Universal All-Access Rewards  Get Rewa_700d57/div_Show All")): Object: 'Object Repository/Reward page/Page_Universal All-Access Rewards  Get Rewa_700d57/div_Show All' is clicked on

2022-02-02 13:00:29 - [MESSAGE][PASSED] - Object: 'Object Repository/Reward page/Page_Universal All-Access Rewards  Get Rewa_700d57/div_Show All' is clicked on

2022-02-02 13:00:29 - [TEST_STEP][PASSED] - click(findTestObject("Object Repository/Reward page/Page_Universal All-Access Rewards  Get Rewa_700d57/span_Digital")): Object: 'Object Repository/Reward page/Page_Universal All-Access Rewards  Get Rewa_700d57/span_Digital' is clicked on

2022-02-02 13:00:30 - [MESSAGE][PASSED] - Object: 'Object Repository/Reward page/Page_Universal All-Access Rewards  Get Rewa_700d57/span_Digital' is clicked on

2022-02-02 13:00:30 - [TEST_STEP][PASSED] - scrollToPosition(999, 999, STOP_ON_FAILURE): Browser is scrolled to position x = 999, y = 999

2022-02-02 13:00:30 - [MESSAGE][PASSED] - Browser is scrolled to position x = 999, y = 999

2022-02-02 13:00:30 - [TEST_STEP][PASSED] - click(findTestObject("Object Repository/Reward page/Page_Universal All-Access Rewards  Get Rewa_700d57/div_1K PointsBeethovens Big BreakDigital Mo_cf5511")): Object: 'Object Repository/Reward page/Page_Universal All-Access Rewards  Get Rewa_700d57/div_1K PointsBeethovens Big BreakDigital Mo_cf5511' is clicked on

2022-02-02 13:00:30 - [MESSAGE][PASSED] - Object: 'Object Repository/Reward page/Page_Universal All-Access Rewards  Get Rewa_700d57/div_1K PointsBeethovens Big BreakDigital Mo_cf5511' is clicked on

2022-02-02 13:00:30 - [TEST_STEP][PASSED] - takeScreenshot(): Taking screenshot successfully

2022-02-02 13:00:31 - [MESSAGE][PASSED] - Taking screenshot successfully
[[ATTACHMENT|/home/knoldus/git/Universal-Auto/Reports/20220202_124732/Digital Rewardss/Digital Rewards/20220202_124745/1643787030899.png]]

2022-02-02 13:00:31 - [TEST_STEP][PASSED] - delay(3): Delayed 3 second(s)

2022-02-02 13:00:34 - [MESSAGE][PASSED] - Delayed 3 second(s)

2022-02-02 13:00:34 - [TEST_STEP][PASSED] - if (verifyTextPresent(Title, true, OPTIONAL)): null

2022-02-02 13:00:34 - [MESSAGE][PASSED] - Text 'Kicking and Screaming' is present on page  using regular expression

2022-02-02 13:00:34 - [TEST_STEP][PASSED] - if (verifyTextPresent(Short_des, true, CONTINUE_ON_FAILURE)): null

2022-02-02 13:00:35 - [MESSAGE][PASSED] - Text 'Digital Movie' is present on page  using regular expression

2022-02-02 13:00:35 - [TEST_STEP][PASSED] - navigateToUrl(url + behavior_id): Navigate to 'https://universal.3tlstaging.com/reward-preview/8be1c7b396cf9d694babd31c3202f0bc-b4be01f3ba2f6de759738fb625d165da' successfully

2022-02-02 13:00:43 - [MESSAGE][PASSED] - Navigate to 'https://universal.3tlstaging.com/reward-preview/8be1c7b396cf9d694babd31c3202f0bc-b4be01f3ba2f6de759738fb625d165da' successfully

2022-02-02 13:00:43 - [TEST_STEP][PASSED] - result = getText(findTestObject("Object Repository/Universal Staging/Get movie name")): Text of object 'Object Repository/Universal Staging/Get movie name' is: 'Kicking and Screaming'

2022-02-02 13:00:43 - [MESSAGE][PASSED] - Text of object 'Object Repository/Universal Staging/Get movie name' is: 'Kicking and Screaming'

2022-02-02 13:00:43 - [TEST_STEP][PASSED] - out.println("Movie Name is" + result): null

2022-02-02 13:00:43 - [TEST_STEP][PASSED] - scrollToElement(findTestObject("Object Repository/Universal Staging/Redeem Now button"), 0, CONTINUE_ON_FAILURE): Scroll to object 'Object Repository/Universal Staging/Redeem Now button' successfully

2022-02-02 13:00:43 - [MESSAGE][WARNING] - Timeout '0' is invalid. Using default page load timeout: '30'

2022-02-02 13:00:43 - [MESSAGE][PASSED] - Scroll to object 'Object Repository/Universal Staging/Redeem Now button' successfully

2022-02-02 13:00:43 - [TEST_STEP][PASSED] - click(findTestObject("Object Repository/Universal Staging/Redeem Now button")): Object: 'Object Repository/Universal Staging/Redeem Now button' is clicked on

2022-02-02 13:00:43 - [MESSAGE][PASSED] - Object: 'Object Repository/Universal Staging/Redeem Now button' is clicked on

2022-02-02 13:00:43 - [TEST_STEP][PASSED] - delay(5): Delayed 5 second(s)

2022-02-02 13:00:48 - [MESSAGE][PASSED] - Delayed 5 second(s)

2022-02-02 13:00:48 - [TEST_STEP][PASSED] - if (verifyElementPresent(findTestObject("Object Repository/Universal Staging/Toast message"), 0, CONTINUE_ON_FAILURE)): null

2022-02-02 13:00:48 - [MESSAGE][WARNING] - Timeout '0' is invalid. Using default page load timeout: '30'

2022-02-02 13:00:48 - [MESSAGE][PASSED] - Object 'Object Repository/Universal Staging/Toast message' is present

2022-02-02 13:00:48 - [TEST_STEP][PASSED] - Toastmessage = getText(findTestObject("Object Repository/Universal Staging/Toast message"), CONTINUE_ON_FAILURE): Text of object 'Object Repository/Universal Staging/Toast message' is: 'Sorry! You’ve already redeemed this reward.'

2022-02-02 13:00:48 - [MESSAGE][PASSED] - Text of object 'Object Repository/Universal Staging/Toast message' is: 'Sorry! You’ve already redeemed this reward.'

2022-02-02 13:00:48 - [TEST_STEP][PASSED] - out.println("Already reedemed  " + Toastmessage): null

2022-02-02 13:00:48 - [TEST_STEP][PASSED] - closeBrowser(): Browser is closed

2022-02-02 13:00:49 - [MESSAGE][PASSED] - Browser is closed]]></system-out>
         <system-err><![CDATA[]]></system-err>
      </testcase>
      <system-out><![CDATA[2022-02-02 12:59:44 - [TEST_SUITE][PASSED] - Digital Rewards: Test Cases/Universal/Tc-3 Verify the Digital rewards on reward page]]></system-out>
      <system-err><![CDATA[]]></system-err>
   </testsuite>
</testsuites>
